  MapView.cpp
H:\Programowanie\C++\CityTrafficSimulator_ZPR\Code\MapView.cpp(76,95): warning C4244: "argument": konwersja z "int" do "T", możliwa utrata danych
          with
          [
              T=float
          ]
H:\Programowanie\C++\CityTrafficSimulator_ZPR\Code\MapView.cpp(76,62): warning C4244: "argument": konwersja z "int" do "T", możliwa utrata danych
          with
          [
              T=float
          ]
H:\Programowanie\C++\CityTrafficSimulator_ZPR\Code\MapView.cpp(132,63): warning C4244: "argument": konwersja z "int" do "T", możliwa utrata danych
          with
          [
              T=float
          ]
H:\Programowanie\C++\CityTrafficSimulator_ZPR\Code\MapView.cpp(133,76): warning C4244: "argument": konwersja z "int" do "T", możliwa utrata danych
          with
          [
              T=float
          ]
H:\Programowanie\C++\CityTrafficSimulator_ZPR\Code\MapView.cpp(133,62): warning C4244: "argument": konwersja z "int" do "T", możliwa utrata danych
          with
          [
              T=float
          ]
H:\Programowanie\C++\CityTrafficSimulator_ZPR\Code\MapView.cpp(134,62): warning C4244: "argument": konwersja z "int" do "T", możliwa utrata danych
          with
          [
              T=float
          ]
H:\Programowanie\C++\CityTrafficSimulator_ZPR\Code\MapView.cpp(135,76): warning C4244: "argument": konwersja z "int" do "T", możliwa utrata danych
          with
          [
              T=float
          ]
H:\Programowanie\C++\CityTrafficSimulator_ZPR\Code\MapView.cpp(135,44): warning C4244: "argument": konwersja z "int" do "T", możliwa utrata danych
          with
          [
              T=float
          ]
H:\Programowanie\C++\CityTrafficSimulator_ZPR\Code\MapView.cpp(145,79): warning C4244: "argument": konwersja z "int" do "T", możliwa utrata danych
          with
          [
              T=float
          ]
H:\Programowanie\C++\CityTrafficSimulator_ZPR\Code\MapView.cpp(146,95): warning C4244: "argument": konwersja z "int" do "T", możliwa utrata danych
          with
          [
              T=float
          ]
H:\Programowanie\C++\CityTrafficSimulator_ZPR\Code\MapView.cpp(146,71): warning C4244: "argument": konwersja z "int" do "T", możliwa utrata danych
          with
          [
              T=float
          ]
H:\Programowanie\C++\CityTrafficSimulator_ZPR\Code\MapView.cpp(153,77): warning C4244: "argument": konwersja z "int" do "T", możliwa utrata danych
          with
          [
              T=float
          ]
H:\Programowanie\C++\CityTrafficSimulator_ZPR\Code\MapView.cpp(154,86): warning C4244: "argument": konwersja z "int" do "T", możliwa utrata danych
          with
          [
              T=float
          ]
H:\Programowanie\C++\CityTrafficSimulator_ZPR\Code\MapView.cpp(154,53): warning C4244: "argument": konwersja z "int" do "T", możliwa utrata danych
          with
          [
              T=float
          ]
H:\Programowanie\C++\CityTrafficSimulator_ZPR\Code\MapView.cpp(161,18): warning C4244: "inicjowanie": konwersja z "double" do "int", możliwa utrata danych
H:\Programowanie\C++\CityTrafficSimulator_ZPR\Code\MapView.cpp(201,82): warning C4244: "argument": konwersja z "int" do "T", możliwa utrata danych
          with
          [
              T=float
          ]
H:\Programowanie\C++\CityTrafficSimulator_ZPR\Code\MapView.cpp(201,49): warning C4244: "argument": konwersja z "int" do "T", możliwa utrata danych
          with
          [
              T=float
          ]
H:\Programowanie\C++\CityTrafficSimulator_ZPR\Code\MapView.cpp(229,27): warning C4244: "=": konwersja z "double" do "int", możliwa utrata danych
H:\Programowanie\C++\CityTrafficSimulator_ZPR\Code\MapView.cpp(231,29): warning C4244: "=": konwersja z "double" do "int", możliwa utrata danych
H:\Programowanie\C++\CityTrafficSimulator_ZPR\Code\MapView.cpp(336,80): warning C4244: "argument": konwersja z "T" do "T", możliwa utrata danych
          with
          [
              T=float
          ]
          and
          [
              T=int
          ]
H:\Programowanie\C++\CityTrafficSimulator_ZPR\Code\MapView.cpp(336,68): warning C4244: "argument": konwersja z "T" do "T", możliwa utrata danych
          with
          [
              T=float
          ]
          and
          [
              T=int
          ]
H:\Programowanie\C++\CityTrafficSimulator_ZPR\Code\MapView.cpp(358,11): warning C4244: "inicjowanie": konwersja z "int" do "float", możliwa utrata danych
H:\Programowanie\C++\CityTrafficSimulator_ZPR\Code\MapView.cpp(359,11): warning C4244: "inicjowanie": konwersja z "int" do "float", możliwa utrata danych
  SaveState.cpp
H:\Programowanie\C++\CityTrafficSimulator_ZPR\Code\SaveState.cpp(24,40): warning C4305: "argument": obcięcie z "double" do "float"
  ToolsView.cpp
  Generowanie kodu...
gtestd.lib(gtest-all.obj) : error LNK2038: wykryto niezgodność dla elementu „_MSC_VER”: wartość „1800” jest niezgodna z wartością „1900” w elemencie AssetManager.obj
gtestd.lib(gtest-all.obj) : error LNK2038: wykryto niezgodność dla elementu „RuntimeLibrary”: wartość „MTd_StaticDebug” jest niezgodna z wartością „MDd_DynamicDebug” w elemencie AssetManager.obj
msvcprtd.lib(MSVCP140D.dll) : error LNK2005: Element "public: struct _Cvtvec __thiscall std::_Locinfo::_Getcvt(void)const " (?_Getcvt@_Locinfo@std@@QBE?AU_Cvtvec@@XZ) jest już zdefiniowany w elemencie gtestd.lib(gtest-all.obj)
msvcprtd.lib(MSVCP140D.dll) : error LNK2005: Element "public: __thiscall std::locale::id::operator unsigned int(void)" (??Bid@locale@std@@QAEIXZ) jest już zdefiniowany w elemencie gtestd.lib(gtest-all.obj)
msvcprtd.lib(MSVCP140D.dll) : error LNK2005: Element "protected: __thiscall std::basic_streambuf<char,struct std::char_traits<char> >::basic_streambuf<char,struct std::char_traits<char> >(void)" (??0?$basic_streambuf@DU?$char_traits@D@std@@@std@@IAE@XZ) jest już zdefiniowany w elemencie gtestd.lib(gtest-all.obj)
msvcprtd.lib(MSVCP140D.dll) : error LNK2005: Element "public: virtual __thiscall std::basic_streambuf<char,struct std::char_traits<char> >::~basic_streambuf<char,struct std::char_traits<char> >(void)" (??1?$basic_streambuf@DU?$char_traits@D@std@@@std@@UAE@XZ) jest już zdefiniowany w elemencie gtestd.lib(gtest-all.obj)
msvcprtd.lib(MSVCP140D.dll) : error LNK2005: Element "protected: char * __thiscall std::basic_streambuf<char,struct std::char_traits<char> >::eback(void)const " (?eback@?$basic_streambuf@DU?$char_traits@D@std@@@std@@IBEPADXZ) jest już zdefiniowany w elemencie gtestd.lib(gtest-all.obj)
msvcprtd.lib(MSVCP140D.dll) : error LNK2005: Element "protected: char * __thiscall std::basic_streambuf<char,struct std::char_traits<char> >::gptr(void)const " (?gptr@?$basic_streambuf@DU?$char_traits@D@std@@@std@@IBEPADXZ) jest już zdefiniowany w elemencie gtestd.lib(gtest-all.obj)
msvcprtd.lib(MSVCP140D.dll) : error LNK2005: Element "protected: char * __thiscall std::basic_streambuf<char,struct std::char_traits<char> >::pptr(void)const " (?pptr@?$basic_streambuf@DU?$char_traits@D@std@@@std@@IBEPADXZ) jest już zdefiniowany w elemencie gtestd.lib(gtest-all.obj)
msvcprtd.lib(MSVCP140D.dll) : error LNK2005: Element "protected: char * __thiscall std::basic_streambuf<char,struct std::char_traits<char> >::egptr(void)const " (?egptr@?$basic_streambuf@DU?$char_traits@D@std@@@std@@IBEPADXZ) jest już zdefiniowany w elemencie gtestd.lib(gtest-all.obj)
msvcprtd.lib(MSVCP140D.dll) : error LNK2005: Element "protected: void __thiscall std::basic_streambuf<char,struct std::char_traits<char> >::gbump(int)" (?gbump@?$basic_streambuf@DU?$char_traits@D@std@@@std@@IAEXH@Z) jest już zdefiniowany w elemencie gtestd.lib(gtest-all.obj)
msvcprtd.lib(MSVCP140D.dll) : error LNK2005: Element "protected: void __thiscall std::basic_streambuf<char,struct std::char_traits<char> >::setg(char *,char *,char *)" (?setg@?$basic_streambuf@DU?$char_traits@D@std@@@std@@IAEXPAD00@Z) jest już zdefiniowany w elemencie gtestd.lib(gtest-all.obj)
msvcprtd.lib(MSVCP140D.dll) : error LNK2005: Element "protected: char * __thiscall std::basic_streambuf<char,struct std::char_traits<char> >::epptr(void)const " (?epptr@?$basic_streambuf@DU?$char_traits@D@std@@@std@@IBEPADXZ) jest już zdefiniowany w elemencie gtestd.lib(gtest-all.obj)
msvcprtd.lib(MSVCP140D.dll) : error LNK2005: Element "protected: char * __thiscall std::basic_streambuf<char,struct std::char_traits<char> >::_Gninc(void)" (?_Gninc@?$basic_streambuf@DU?$char_traits@D@std@@@std@@IAEPADXZ) jest już zdefiniowany w elemencie gtestd.lib(gtest-all.obj)
msvcprtd.lib(MSVCP140D.dll) : error LNK2005: Element "protected: __int64 __thiscall std::basic_streambuf<char,struct std::char_traits<char> >::_Gnavail(void)const " (?_Gnavail@?$basic_streambuf@DU?$char_traits@D@std@@@std@@IBE_JXZ) jest już zdefiniowany w elemencie gtestd.lib(gtest-all.obj)
msvcprtd.lib(MSVCP140D.dll) : error LNK2005: Element "protected: void __thiscall std::basic_streambuf<char,struct std::char_traits<char> >::pbump(int)" (?pbump@?$basic_streambuf@DU?$char_traits@D@std@@@std@@IAEXH@Z) jest już zdefiniowany w elemencie gtestd.lib(gtest-all.obj)
msvcprtd.lib(MSVCP140D.dll) : error LNK2005: Element "protected: char * __thiscall std::basic_streambuf<char,struct std::char_traits<char> >::_Pninc(void)" (?_Pninc@?$basic_streambuf@DU?$char_traits@D@std@@@std@@IAEPADXZ) jest już zdefiniowany w elemencie gtestd.lib(gtest-all.obj)
msvcprtd.lib(MSVCP140D.dll) : error LNK2005: Element "protected: __int64 __thiscall std::basic_streambuf<char,struct std::char_traits<char> >::_Pnavail(void)const " (?_Pnavail@?$basic_streambuf@DU?$char_traits@D@std@@@std@@IBE_JXZ) jest już zdefiniowany w elemencie gtestd.lib(gtest-all.obj)
msvcprtd.lib(MSVCP140D.dll) : error LNK2005: Element "protected: void __thiscall std::basic_streambuf<char,struct std::char_traits<char> >::_Init(void)" (?_Init@?$basic_streambuf@DU?$char_traits@D@std@@@std@@IAEXXZ) jest już zdefiniowany w elemencie gtestd.lib(gtest-all.obj)
msvcprtd.lib(MSVCP140D.dll) : error LNK2005: Element "protected: virtual __int64 __thiscall std::basic_streambuf<char,struct std::char_traits<char> >::xsgetn(char *,__int64)" (?xsgetn@?$basic_streambuf@DU?$char_traits@D@std@@@std@@MAE_JPAD_J@Z) jest już zdefiniowany w elemencie gtestd.lib(gtest-all.obj)
msvcprtd.lib(MSVCP140D.dll) : error LNK2005: Element "protected: virtual __int64 __thiscall std::basic_streambuf<char,struct std::char_traits<char> >::xsputn(char const *,__int64)" (?xsputn@?$basic_streambuf@DU?$char_traits@D@std@@@std@@MAE_JPBD_J@Z) jest już zdefiniowany w elemencie gtestd.lib(gtest-all.obj)
msvcprtd.lib(MSVCP140D.dll) : error LNK2005: Element "public: virtual __thiscall std::basic_ios<char,struct std::char_traits<char> >::~basic_ios<char,struct std::char_traits<char> >(void)" (??1?$basic_ios@DU?$char_traits@D@std@@@std@@UAE@XZ) jest już zdefiniowany w elemencie gtestd.lib(gtest-all.obj)
msvcprtd.lib(MSVCP140D.dll) : error LNK2005: Element "public: void __thiscall std::basic_ios<char,struct std::char_traits<char> >::clear(int,bool)" (?clear@?$basic_ios@DU?$char_traits@D@std@@@std@@QAEXH_N@Z) jest już zdefiniowany w elemencie gtestd.lib(gtest-all.obj)
msvcprtd.lib(MSVCP140D.dll) : error LNK2005: Element "public: void __thiscall std::basic_ios<char,struct std::char_traits<char> >::setstate(int,bool)" (?setstate@?$basic_ios@DU?$char_traits@D@std@@@std@@QAEXH_N@Z) jest już zdefiniowany w elemencie gtestd.lib(gtest-all.obj)
msvcprtd.lib(MSVCP140D.dll) : error LNK2005: Element "protected: __thiscall std::basic_ios<char,struct std::char_traits<char> >::basic_ios<char,struct std::char_traits<char> >(void)" (??0?$basic_ios@DU?$char_traits@D@std@@@std@@IAE@XZ) jest już zdefiniowany w elemencie gtestd.lib(gtest-all.obj)
msvcprtd.lib(MSVCP140D.dll) : error LNK2005: Element "public: virtual __thiscall std::basic_ostream<char,struct std::char_traits<char> >::~basic_ostream<char,struct std::char_traits<char> >(void)" (??1?$basic_ostream@DU?$char_traits@D@std@@@std@@UAE@XZ) jest już zdefiniowany w elemencie gtestd.lib(gtest-all.obj)
msvcprtd.lib(MSVCP140D.dll) : error LNK2005: Element "public: bool __thiscall std::ios_base::good(void)const " (?good@ios_base@std@@QBE_NXZ) jest już zdefiniowany w elemencie gtestd.lib(gtest-all.obj)
msvcprtd.lib(MSVCP140D.dll) : error LNK2005: Element "public: int __thiscall std::ios_base::flags(void)const " (?flags@ios_base@std@@QBEHXZ) jest już zdefiniowany w elemencie gtestd.lib(gtest-all.obj)
msvcprtd.lib(MSVCP140D.dll) : error LNK2005: Element "public: __int64 __thiscall std::ios_base::width(void)const " (?width@ios_base@std@@QBE_JXZ) jest już zdefiniowany w elemencie gtestd.lib(gtest-all.obj)
msvcprtd.lib(MSVCP140D.dll) : error LNK2005: Element "public: __int64 __thiscall std::ios_base::width(__int64)" (?width@ios_base@std@@QAE_J_J@Z) jest już zdefiniowany w elemencie gtestd.lib(gtest-all.obj)
msvcprtd.lib(MSVCP140D.dll) : error LNK2005: Element "public: int __thiscall std::basic_streambuf<char,struct std::char_traits<char> >::sputc(char)" (?sputc@?$basic_streambuf@DU?$char_traits@D@std@@@std@@QAEHD@Z) jest już zdefiniowany w elemencie gtestd.lib(gtest-all.obj)
msvcprtd.lib(MSVCP140D.dll) : error LNK2005: Element "public: __int64 __thiscall std::basic_streambuf<char,struct std::char_traits<char> >::sputn(char const *,__int64)" (?sputn@?$basic_streambuf@DU?$char_traits@D@std@@@std@@QAE_JPBD_J@Z) jest już zdefiniowany w elemencie gtestd.lib(gtest-all.obj)
msvcprtd.lib(MSVCP140D.dll) : error LNK2005: Element "public: class std::basic_ostream<char,struct std::char_traits<char> > * __thiscall std::basic_ios<char,struct std::char_traits<char> >::tie(void)const " (?tie@?$basic_ios@DU?$char_traits@D@std@@@std@@QBEPAV?$basic_ostream@DU?$char_traits@D@std@@@2@XZ) jest już zdefiniowany w elemencie gtestd.lib(gtest-all.obj)
msvcprtd.lib(MSVCP140D.dll) : error LNK2005: Element "public: class std::basic_streambuf<char,struct std::char_traits<char> > * __thiscall std::basic_ios<char,struct std::char_traits<char> >::rdbuf(void)const " (?rdbuf@?$basic_ios@DU?$char_traits@D@std@@@std@@QBEPAV?$basic_streambuf@DU?$char_traits@D@std@@@2@XZ) jest już zdefiniowany w elemencie gtestd.lib(gtest-all.obj)
msvcprtd.lib(MSVCP140D.dll) : error LNK2005: Element "public: char __thiscall std::basic_ios<char,struct std::char_traits<char> >::fill(void)const " (?fill@?$basic_ios@DU?$char_traits@D@std@@@std@@QBEDXZ) jest już zdefiniowany w elemencie gtestd.lib(gtest-all.obj)
msvcprtd.lib(MSVCP140D.dll) : error LNK2005: Element "public: char __thiscall std::basic_ios<char,struct std::char_traits<char> >::widen(char)const " (?widen@?$basic_ios@DU?$char_traits@D@std@@@std@@QBEDD@Z) jest już zdefiniowany w elemencie gtestd.lib(gtest-all.obj)
msvcprtd.lib(MSVCP140D.dll) : error LNK2005: Element "public: void __thiscall std::basic_ostream<char,struct std::char_traits<char> >::_Osfx(void)" (?_Osfx@?$basic_ostream@DU?$char_traits@D@std@@@std@@QAEXXZ) jest już zdefiniowany w elemencie gtestd.lib(gtest-all.obj)
msvcprtd.lib(MSVCP140D.dll) : error LNK2005: Element "public: class std::basic_ostream<char,struct std::char_traits<char> > & __thiscall std::basic_ostream<char,struct std::char_traits<char> >::operator<<(class std::basic_ostream<char,struct std::char_traits<char> > & (__cdecl*)(class std::basic_ostream<char,struct std::char_traits<char> > &))" (??6?$basic_ostream@DU?$char_traits@D@std@@@std@@QAEAAV01@P6AAAV01@AAV01@@Z@Z) jest już zdefiniowany w elemencie gtestd.lib(gtest-all.obj)
msvcprtd.lib(MSVCP140D.dll) : error LNK2005: Element "public: class std::basic_ostream<char,struct std::char_traits<char> > & __thiscall std::basic_ostream<char,struct std::char_traits<char> >::operator<<(int)" (??6?$basic_ostream@DU?$char_traits@D@std@@@std@@QAEAAV01@H@Z) jest już zdefiniowany w elemencie gtestd.lib(gtest-all.obj)
msvcprtd.lib(MSVCP140D.dll) : error LNK2005: Element "public: class std::basic_ostream<char,struct std::char_traits<char> > & __thiscall std::basic_ostream<char,struct std::char_traits<char> >::put(char)" (?put@?$basic_ostream@DU?$char_traits@D@std@@@std@@QAEAAV12@D@Z) jest już zdefiniowany w elemencie gtestd.lib(gtest-all.obj)
msvcprtd.lib(MSVCP140D.dll) : error LNK2005: Element "public: class std::basic_ostream<char,struct std::char_traits<char> > & __thiscall std::basic_ostream<char,struct std::char_traits<char> >::flush(void)" (?flush@?$basic_ostream@DU?$char_traits@D@std@@@std@@QAEAAV12@XZ) jest już zdefiniowany w elemencie gtestd.lib(gtest-all.obj)
libcpmtd.lib(ios.obj) : error LNK2038: wykryto niezgodność dla elementu „RuntimeLibrary”: wartość „MTd_StaticDebug” jest niezgodna z wartością „MDd_DynamicDebug” w elemencie AssetManager.obj
libcpmtd.lib(ios.obj) : error LNK2005: Element "public: static void __cdecl std::ios_base::_Addstd(class std::ios_base *)" (?_Addstd@ios_base@std@@SAXPAV12@@Z) jest już zdefiniowany w elemencie msvcprtd.lib(MSVCP140D.dll)
libcpmtd.lib(ios.obj) : error LNK2005: Element "private: static void __cdecl std::ios_base::_Ios_base_dtor(class std::ios_base *)" (?_Ios_base_dtor@ios_base@std@@CAXPAV12@@Z) jest już zdefiniowany w elemencie msvcprtd.lib(MSVCP140D.dll)
libcpmtd.lib(locale0.obj) : error LNK2038: wykryto niezgodność dla elementu „RuntimeLibrary”: wartość „MTd_StaticDebug” jest niezgodna z wartością „MDd_DynamicDebug” w elemencie AssetManager.obj
libcpmtd.lib(locale0.obj) : error LNK2005: Element "void __cdecl std::_Facet_Register(class std::_Facet_base *)" (?_Facet_Register@std@@YAXPAV_Facet_base@1@@Z) jest już zdefiniowany w elemencie msvcprtd.lib(locale0_implib.obj)
libcpmtd.lib(locale0.obj) : error LNK2005: Element "private: static class std::locale::_Locimp * __cdecl std::locale::_Getgloballocale(void)" (?_Getgloballocale@locale@std@@CAPAV_Locimp@12@XZ) jest już zdefiniowany w elemencie msvcprtd.lib(MSVCP140D.dll)
libcpmtd.lib(locale0.obj) : error LNK2005: Element "private: static class std::locale::_Locimp * __cdecl std::locale::_Init(bool)" (?_Init@locale@std@@CAPAV_Locimp@12@_N@Z) jest już zdefiniowany w elemencie msvcprtd.lib(MSVCP140D.dll)
libcpmtd.lib(locale0.obj) : error LNK2005: Element "public: static void __cdecl std::_Locinfo::_Locinfo_ctor(class std::_Locinfo *,char const *)" (?_Locinfo_ctor@_Locinfo@std@@SAXPAV12@PBD@Z) jest już zdefiniowany w elemencie msvcprtd.lib(MSVCP140D.dll)
libcpmtd.lib(locale0.obj) : error LNK2005: Element "public: static void __cdecl std::_Locinfo::_Locinfo_dtor(class std::_Locinfo *)" (?_Locinfo_dtor@_Locinfo@std@@SAXPAV12@@Z) jest już zdefiniowany w elemencie msvcprtd.lib(MSVCP140D.dll)
libcpmtd.lib(cerr.obj) : error LNK2038: wykryto niezgodność dla elementu „RuntimeLibrary”: wartość „MTd_StaticDebug” jest niezgodna z wartością „MDd_DynamicDebug” w elemencie AssetManager.obj
libcpmtd.lib(cerr.obj) : error LNK2005: Element "public: __thiscall std::basic_ostream<char,struct std::char_traits<char> >::basic_ostream<char,struct std::char_traits<char> >(class std::basic_streambuf<char,struct std::char_traits<char> > *,bool)" (??0?$basic_ostream@DU?$char_traits@D@std@@@std@@QAE@PAV?$basic_streambuf@DU?$char_traits@D@std@@@1@_N@Z) jest już zdefiniowany w elemencie msvcprtd.lib(MSVCP140D.dll)
libcpmtd.lib(cerr.obj) : error LNK2005: Element "public: static unsigned int __cdecl std::codecvt<char,char,struct _Mbstatet>::_Getcat(class std::locale::facet const * *,class std::locale const *)" (?_Getcat@?$codecvt@DDU_Mbstatet@@@std@@SAIPAPBVfacet@locale@2@PBV42@@Z) jest już zdefiniowany w elemencie msvcprtd.lib(MSVCP140D.dll)
libcpmtd.lib(cerr.obj) : error LNK2005: Element "protected: char * __thiscall std::basic_streambuf<char,struct std::char_traits<char> >::_Gndec(void)" (?_Gndec@?$basic_streambuf@DU?$char_traits@D@std@@@std@@IAEPADXZ) jest już zdefiniowany w elemencie msvcprtd.lib(MSVCP140D.dll)
libcpmtd.lib(cerr.obj) : error LNK2005: Element "protected: void __thiscall std::basic_streambuf<char,struct std::char_traits<char> >::_Init(char * *,char * *,int *,char * *,char * *,int *)" (?_Init@?$basic_streambuf@DU?$char_traits@D@std@@@std@@IAEXPAPAD0PAH001@Z) jest już zdefiniowany w elemencie msvcprtd.lib(MSVCP140D.dll)
libcpmtd.lib(cerr.obj) : error LNK2005: Element "public: bool __thiscall std::codecvt_base::always_noconv(void)const " (?always_noconv@codecvt_base@std@@QBE_NXZ) jest już zdefiniowany w elemencie msvcprtd.lib(MSVCP140D.dll)
libcpmtd.lib(cerr.obj) : error LNK2005: Element "public: int __thiscall std::codecvt<char,char,struct _Mbstatet>::in(struct _Mbstatet &,char const *,char const *,char const * &,char *,char *,char * &)const " (?in@?$codecvt@DDU_Mbstatet@@@std@@QBEHAAU_Mbstatet@@PBD1AAPBDPAD3AAPAD@Z) jest już zdefiniowany w elemencie msvcprtd.lib(MSVCP140D.dll)
libcpmtd.lib(cerr.obj) : error LNK2005: Element "public: int __thiscall std::codecvt<char,char,struct _Mbstatet>::out(struct _Mbstatet &,char const *,char const *,char const * &,char *,char *,char * &)const " (?out@?$codecvt@DDU_Mbstatet@@@std@@QBEHAAU_Mbstatet@@PBD1AAPBDPAD3AAPAD@Z) jest już zdefiniowany w elemencie msvcprtd.lib(MSVCP140D.dll)
libcpmtd.lib(cerr.obj) : error LNK2005: Element "public: int __thiscall std::codecvt<char,char,struct _Mbstatet>::unshift(struct _Mbstatet &,char *,char *,char * &)const " (?unshift@?$codecvt@DDU_Mbstatet@@@std@@QBEHAAU_Mbstatet@@PAD1AAPAD@Z) jest już zdefiniowany w elemencie msvcprtd.lib(MSVCP140D.dll)
libcpmtd.lib(locale.obj) : error LNK2038: wykryto niezgodność dla elementu „RuntimeLibrary”: wartość „MTd_StaticDebug” jest niezgodna z wartością „MDd_DynamicDebug” w elemencie AssetManager.obj
libcpmtd.lib(locale.obj) : error LNK2005: Element "public: static unsigned int __cdecl std::codecvt<char,char,struct _Mbstatet>::_Getcat(class std::locale::facet const * *,class std::locale const *)" (?_Getcat@?$codecvt@DDU_Mbstatet@@@std@@SAIPAPBVfacet@locale@2@PBV42@@Z) jest już zdefiniowany w elemencie msvcprtd.lib(MSVCP140D.dll)
libcpmtd.lib(iosptrs.obj) : error LNK2038: wykryto niezgodność dla elementu „RuntimeLibrary”: wartość „MTd_StaticDebug” jest niezgodna z wartością „MDd_DynamicDebug” w elemencie AssetManager.obj
libcpmtd.lib(nothrow.obj) : error LNK2038: wykryto niezgodność dla elementu „RuntimeLibrary”: wartość „MTd_StaticDebug” jest niezgodna z wartością „MDd_DynamicDebug” w elemencie AssetManager.obj
libcpmtd.lib(xlock.obj) : error LNK2038: wykryto niezgodność dla elementu „RuntimeLibrary”: wartość „MTd_StaticDebug” jest niezgodna z wartością „MDd_DynamicDebug” w elemencie AssetManager.obj
libcpmtd.lib(xlock.obj) : error LNK2005: Element "public: __thiscall std::_Lockit::_Lockit(int)" (??0_Lockit@std@@QAE@H@Z) jest już zdefiniowany w elemencie msvcprtd.lib(MSVCP140D.dll)
libcpmtd.lib(xlock.obj) : error LNK2005: Element "public: __thiscall std::_Lockit::~_Lockit(void)" (??1_Lockit@std@@QAE@XZ) jest już zdefiniowany w elemencie msvcprtd.lib(MSVCP140D.dll)
libcpmtd.lib(xthrow.obj) : error LNK2038: wykryto niezgodność dla elementu „RuntimeLibrary”: wartość „MTd_StaticDebug” jest niezgodna z wartością „MDd_DynamicDebug” w elemencie AssetManager.obj
libcpmtd.lib(xthrow.obj) : error LNK2005: Element "void __cdecl std::_Xbad_alloc(void)" (?_Xbad_alloc@std@@YAXXZ) jest już zdefiniowany w elemencie msvcprtd.lib(MSVCP140D.dll)
libcpmtd.lib(xthrow.obj) : error LNK2005: Element "void __cdecl std::_Xinvalid_argument(char const *)" (?_Xinvalid_argument@std@@YAXPBD@Z) jest już zdefiniowany w elemencie msvcprtd.lib(MSVCP140D.dll)
libcpmtd.lib(xthrow.obj) : error LNK2005: Element "void __cdecl std::_Xlength_error(char const *)" (?_Xlength_error@std@@YAXPBD@Z) jest już zdefiniowany w elemencie msvcprtd.lib(MSVCP140D.dll)
libcpmtd.lib(xthrow.obj) : error LNK2005: Element "void __cdecl std::_Xout_of_range(char const *)" (?_Xout_of_range@std@@YAXPBD@Z) jest już zdefiniowany w elemencie msvcprtd.lib(MSVCP140D.dll)
libcpmtd.lib(wlocale.obj) : error LNK2038: wykryto niezgodność dla elementu „RuntimeLibrary”: wartość „MTd_StaticDebug” jest niezgodna z wartością „MDd_DynamicDebug” w elemencie AssetManager.obj
libcpmtd.lib(wlocale.obj) : error LNK2005: Element "public: char const * __thiscall std::_Locinfo::_Getdays(void)const " (?_Getdays@_Locinfo@std@@QBEPBDXZ) jest już zdefiniowany w elemencie msvcprtd.lib(MSVCP140D.dll)
libcpmtd.lib(wlocale.obj) : error LNK2005: Element "public: char const * __thiscall std::_Locinfo::_Getmonths(void)const " (?_Getmonths@_Locinfo@std@@QBEPBDXZ) jest już zdefiniowany w elemencie msvcprtd.lib(MSVCP140D.dll)
libcpmtd.lib(wlocale.obj) : error LNK2005: Element "public: unsigned short const * __thiscall std::_Locinfo::_W_Getdays(void)const " (?_W_Getdays@_Locinfo@std@@QBEPBGXZ) jest już zdefiniowany w elemencie msvcprtd.lib(MSVCP140D.dll)
libcpmtd.lib(wlocale.obj) : error LNK2005: Element "public: unsigned short const * __thiscall std::_Locinfo::_W_Getmonths(void)const " (?_W_Getmonths@_Locinfo@std@@QBEPBGXZ) jest już zdefiniowany w elemencie msvcprtd.lib(MSVCP140D.dll)
libcpmtd.lib(xlocale.obj) : error LNK2038: wykryto niezgodność dla elementu „RuntimeLibrary”: wartość „MTd_StaticDebug” jest niezgodna z wartością „MDd_DynamicDebug” w elemencie AssetManager.obj
libcpmtd.lib(xlocale.obj) : error LNK2005: Element "public: char const * __thiscall std::_Locinfo::_Getdays(void)const " (?_Getdays@_Locinfo@std@@QBEPBDXZ) jest już zdefiniowany w elemencie msvcprtd.lib(MSVCP140D.dll)
libcpmtd.lib(xlocale.obj) : error LNK2005: Element "public: char const * __thiscall std::_Locinfo::_Getmonths(void)const " (?_Getmonths@_Locinfo@std@@QBEPBDXZ) jest już zdefiniowany w elemencie msvcprtd.lib(MSVCP140D.dll)
libcpmtd.lib(xlocale.obj) : error LNK2005: Element "public: unsigned short const * __thiscall std::_Locinfo::_W_Getdays(void)const " (?_W_Getdays@_Locinfo@std@@QBEPBGXZ) jest już zdefiniowany w elemencie msvcprtd.lib(MSVCP140D.dll)
libcpmtd.lib(xlocale.obj) : error LNK2005: Element "public: unsigned short const * __thiscall std::_Locinfo::_W_Getmonths(void)const " (?_W_Getmonths@_Locinfo@std@@QBEPBGXZ) jest już zdefiniowany w elemencie msvcprtd.lib(MSVCP140D.dll)
libcpmtd.lib(xstol.obj) : error LNK2038: wykryto niezgodność dla elementu „RuntimeLibrary”: wartość „MTd_StaticDebug” jest niezgodna z wartością „MDd_DynamicDebug” w elemencie AssetManager.obj
libcpmtd.lib(xstoul.obj) : error LNK2038: wykryto niezgodność dla elementu „RuntimeLibrary”: wartość „MTd_StaticDebug” jest niezgodna z wartością „MDd_DynamicDebug” w elemencie AssetManager.obj
libcpmtd.lib(xstoll.obj) : error LNK2038: wykryto niezgodność dla elementu „RuntimeLibrary”: wartość „MTd_StaticDebug” jest niezgodna z wartością „MDd_DynamicDebug” w elemencie AssetManager.obj
libcpmtd.lib(xstoull.obj) : error LNK2038: wykryto niezgodność dla elementu „RuntimeLibrary”: wartość „MTd_StaticDebug” jest niezgodna z wartością „MDd_DynamicDebug” w elemencie AssetManager.obj
libcpmtd.lib(xmtx.obj) : error LNK2038: wykryto niezgodność dla elementu „RuntimeLibrary”: wartość „MTd_StaticDebug” jest niezgodna z wartością „MDd_DynamicDebug” w elemencie AssetManager.obj
libcpmtd.lib(xstrcoll.obj) : error LNK2038: wykryto niezgodność dla elementu „RuntimeLibrary”: wartość „MTd_StaticDebug” jest niezgodna z wartością „MDd_DynamicDebug” w elemencie AssetManager.obj
libcpmtd.lib(xdateord.obj) : error LNK2038: wykryto niezgodność dla elementu „RuntimeLibrary”: wartość „MTd_StaticDebug” jest niezgodna z wartością „MDd_DynamicDebug” w elemencie AssetManager.obj
libcpmtd.lib(xwctomb.obj) : error LNK2038: wykryto niezgodność dla elementu „RuntimeLibrary”: wartość „MTd_StaticDebug” jest niezgodna z wartością „MDd_DynamicDebug” w elemencie AssetManager.obj
libcpmtd.lib(xwctomb.obj) : error LNK2005: Element __Getcvt jest już zdefiniowany w elemencie msvcprtd.lib(MSVCP140D.dll)
libcpmtd.lib(xwcscoll.obj) : error LNK2038: wykryto niezgodność dla elementu „RuntimeLibrary”: wartość „MTd_StaticDebug” jest niezgodna z wartością „MDd_DynamicDebug” w elemencie AssetManager.obj
libcpmtd.lib(xwcsxfrm.obj) : error LNK2038: wykryto niezgodność dla elementu „RuntimeLibrary”: wartość „MTd_StaticDebug” jest niezgodna z wartością „MDd_DynamicDebug” w elemencie AssetManager.obj
libcpmtd.lib(xgetwctype.obj) : error LNK2038: wykryto niezgodność dla elementu „RuntimeLibrary”: wartość „MTd_StaticDebug” jest niezgodna z wartością „MDd_DynamicDebug” w elemencie AssetManager.obj
libcpmtd.lib(xtowlower.obj) : error LNK2038: wykryto niezgodność dla elementu „RuntimeLibrary”: wartość „MTd_StaticDebug” jest niezgodna z wartością „MDd_DynamicDebug” w elemencie AssetManager.obj
libcpmtd.lib(xtowupper.obj) : error LNK2038: wykryto niezgodność dla elementu „RuntimeLibrary”: wartość „MTd_StaticDebug” jest niezgodna z wartością „MDd_DynamicDebug” w elemencie AssetManager.obj
libcpmtd.lib(xstrxfrm.obj) : error LNK2038: wykryto niezgodność dla elementu „RuntimeLibrary”: wartość „MTd_StaticDebug” jest niezgodna z wartością „MDd_DynamicDebug” w elemencie AssetManager.obj
libcpmtd.lib(winapisupp.obj) : error LNK2038: wykryto niezgodność dla elementu „RuntimeLibrary”: wartość „MTd_StaticDebug” jest niezgodna z wartością „MDd_DynamicDebug” w elemencie AssetManager.obj
libcpmtd.lib(StlCompareStringA.obj) : error LNK2038: wykryto niezgodność dla elementu „RuntimeLibrary”: wartość „MTd_StaticDebug” jest niezgodna z wartością „MDd_DynamicDebug” w elemencie AssetManager.obj
libcpmtd.lib(winapinls.obj) : error LNK2038: wykryto niezgodność dla elementu „RuntimeLibrary”: wartość „MTd_StaticDebug” jest niezgodna z wartością „MDd_DynamicDebug” w elemencie AssetManager.obj
libcpmtd.lib(StlCompareStringW.obj) : error LNK2038: wykryto niezgodność dla elementu „RuntimeLibrary”: wartość „MTd_StaticDebug” jest niezgodna z wartością „MDd_DynamicDebug” w elemencie AssetManager.obj
libcpmtd.lib(StlLCMapStringW.obj) : error LNK2038: wykryto niezgodność dla elementu „RuntimeLibrary”: wartość „MTd_StaticDebug” jest niezgodna z wartością „MDd_DynamicDebug” w elemencie AssetManager.obj
libcpmtd.lib(StlLCMapStringA.obj) : error LNK2038: wykryto niezgodność dla elementu „RuntimeLibrary”: wartość „MTd_StaticDebug” jest niezgodna z wartością „MDd_DynamicDebug” w elemencie AssetManager.obj
gtest_maind.lib(gtest_main.obj) : error LNK2005: Element _main jest już zdefiniowany w elemencie main.obj
gtestd.lib(gtest-all.obj) : error LNK2005: Element "bool testing::internal::g_help_flag" (?g_help_flag@internal@testing@@3_NA) jest już zdefiniowany w elemencie gtestd.lib(gtest-all.obj)
gtestd.lib(gtest-all.obj) : error LNK2005: Element "char const * const testing::internal::kStackTraceMarker" (?kStackTraceMarker@internal@testing@@3QBDB) jest już zdefiniowany w elemencie gtestd.lib(gtest-all.obj)
gtestd.lib(gtest-all.obj) : error LNK2005: Element "bool testing::FLAGS_gtest_list_tests" (?FLAGS_gtest_list_tests@testing@@3_NA) jest już zdefiniowany w elemencie gtestd.lib(gtest-all.obj)
gtestd.lib(gtest-all.obj) : error LNK2005: Element "bool testing::FLAGS_gtest_show_internal_stack_frames" (?FLAGS_gtest_show_internal_stack_frames@testing@@3_NA) jest już zdefiniowany w elemencie gtestd.lib(gtest-all.obj)
gtestd.lib(gtest-all.obj) : error LNK2005: Element "bool __cdecl testing::internal::IsTrue(bool)" (?IsTrue@internal@testing@@YA_N_N@Z) jest już zdefiniowany w elemencie gtestd.lib(gtest-all.obj)
gtestd.lib(gtest-all.obj) : error LNK2005: Element "public: __thiscall testing::internal::RE::~RE(void)" (??1RE@internal@testing@@QAE@XZ) jest już zdefiniowany w elemencie gtestd.lib(gtest-all.obj)
gtestd.lib(gtest-all.obj) : error LNK2005: Element "public: static bool __cdecl testing::internal::RE::FullMatch(char const *,class testing::internal::RE const &)" (?FullMatch@RE@internal@testing@@SA_NPBDABV123@@Z) jest już zdefiniowany w elemencie gtestd.lib(gtest-all.obj)
gtestd.lib(gtest-all.obj) : error LNK2005: Element "public: static bool __cdecl testing::internal::RE::PartialMatch(char const *,class testing::internal::RE const &)" (?PartialMatch@RE@internal@testing@@SA_NPBDABV123@@Z) jest już zdefiniowany w elemencie gtestd.lib(gtest-all.obj)
gtestd.lib(gtest-all.obj) : error LNK2005: Element "private: void __thiscall testing::internal::RE::Init(char const *)" (?Init@RE@internal@testing@@AAEXPBD@Z) jest już zdefiniowany w elemencie gtestd.lib(gtest-all.obj)
gtestd.lib(gtest-all.obj) : error LNK2005: Element "class std::basic_string<char,struct std::char_traits<char>,class std::allocator<char> > __cdecl testing::internal::FormatFileLocation(char const *,int)" (?FormatFileLocation@internal@testing@@YA?AV?$basic_string@DU?$char_traits@D@std@@V?$allocator@D@2@@std@@PBDH@Z) jest już zdefiniowany w elemencie gtestd.lib(gtest-all.obj)
gtestd.lib(gtest-all.obj) : error LNK2005: Element "class std::basic_string<char,struct std::char_traits<char>,class std::allocator<char> > __cdecl testing::internal::FormatCompilerIndependentFileLocation(char const *,int)" (?FormatCompilerIndependentFileLocation@internal@testing@@YA?AV?$basic_string@DU?$char_traits@D@std@@V?$allocator@D@2@@std@@PBDH@Z) jest już zdefiniowany w elemencie gtestd.lib(gtest-all.obj)
gtestd.lib(gtest-all.obj) : error LNK2005: Element "public: __thiscall testing::internal::GTestLog::GTestLog(enum testing::internal::GTestLogSeverity,char const *,int)" (??0GTestLog@internal@testing@@QAE@W4GTestLogSeverity@12@PBDH@Z) jest już zdefiniowany w elemencie gtestd.lib(gtest-all.obj)
gtestd.lib(gtest-all.obj) : error LNK2005: Element "public: __thiscall testing::internal::GTestLog::~GTestLog(void)" (??1GTestLog@internal@testing@@QAE@XZ) jest już zdefiniowany w elemencie gtestd.lib(gtest-all.obj)
gtestd.lib(gtest-all.obj) : error LNK2005: Element "void __cdecl testing::internal::CaptureStdout(void)" (?CaptureStdout@internal@testing@@YAXXZ) jest już zdefiniowany w elemencie gtestd.lib(gtest-all.obj)
gtestd.lib(gtest-all.obj) : error LNK2005: Element "class std::basic_string<char,struct std::char_traits<char>,class std::allocator<char> > __cdecl testing::internal::GetCapturedStdout(void)" (?GetCapturedStdout@internal@testing@@YA?AV?$basic_string@DU?$char_traits@D@std@@V?$allocator@D@2@@std@@XZ) jest już zdefiniowany w elemencie gtestd.lib(gtest-all.obj)
gtestd.lib(gtest-all.obj) : error LNK2005: Element "void __cdecl testing::internal::CaptureStderr(void)" (?CaptureStderr@internal@testing@@YAXXZ) jest już zdefiniowany w elemencie gtestd.lib(gtest-all.obj)
gtestd.lib(gtest-all.obj) : error LNK2005: Element "class std::basic_string<char,struct std::char_traits<char>,class std::allocator<char> > __cdecl testing::internal::GetCapturedStderr(void)" (?GetCapturedStderr@internal@testing@@YA?AV?$basic_string@DU?$char_traits@D@std@@V?$allocator@D@2@@std@@XZ) jest już zdefiniowany w elemencie gtestd.lib(gtest-all.obj)
gtestd.lib(gtest-all.obj) : error LNK2005: Element "void __cdecl testing::internal::SetInjectableArgvs(class std::vector<class std::basic_string<char,struct std::char_traits<char>,class std::allocator<char> >,class std::allocator<class std::basic_string<char,struct std::char_traits<char>,class std::allocator<char> > > > const *)" (?SetInjectableArgvs@internal@testing@@YAXPBV?$vector@V?$basic_string@DU?$char_traits@D@std@@V?$allocator@D@2@@std@@V?$allocator@V?$basic_string@DU?$char_traits@D@std@@V?$allocator@D@2@@std@@@2@@std@@@Z) jest już zdefiniowany w elemencie gtestd.lib(gtest-all.obj)
gtestd.lib(gtest-all.obj) : error LNK2005: Element "public: __thiscall testing::internal::AutoHandle::AutoHandle(void)" (??0AutoHandle@internal@testing@@QAE@XZ) jest już zdefiniowany w elemencie gtestd.lib(gtest-all.obj)
gtestd.lib(gtest-all.obj) : error LNK2005: Element "public: __thiscall testing::internal::AutoHandle::AutoHandle(void *)" (??0AutoHandle@internal@testing@@QAE@PAX@Z) jest już zdefiniowany w elemencie gtestd.lib(gtest-all.obj)
gtestd.lib(gtest-all.obj) : error LNK2005: Element "public: __thiscall testing::internal::AutoHandle::~AutoHandle(void)" (??1AutoHandle@internal@testing@@QAE@XZ) jest już zdefiniowany w elemencie gtestd.lib(gtest-all.obj)
gtestd.lib(gtest-all.obj) : error LNK2005: Element "public: void * __thiscall testing::internal::AutoHandle::Get(void)const " (?Get@AutoHandle@internal@testing@@QBEPAXXZ) jest już zdefiniowany w elemencie gtestd.lib(gtest-all.obj)
gtestd.lib(gtest-all.obj) : error LNK2005: Element "public: void __thiscall testing::internal::AutoHandle::Reset(void)" (?Reset@AutoHandle@internal@testing@@QAEXXZ) jest już zdefiniowany w elemencie gtestd.lib(gtest-all.obj)
gtestd.lib(gtest-all.obj) : error LNK2005: Element "public: void __thiscall testing::internal::AutoHandle::Reset(void *)" (?Reset@AutoHandle@internal@testing@@QAEXPAX@Z) jest już zdefiniowany w elemencie gtestd.lib(gtest-all.obj)
gtestd.lib(gtest-all.obj) : error LNK2005: Element "public: __thiscall testing::internal::Mutex::Mutex(void)" (??0Mutex@internal@testing@@QAE@XZ) jest już zdefiniowany w elemencie gtestd.lib(gtest-all.obj)
gtestd.lib(gtest-all.obj) : error LNK2005: Element "unsigned int __cdecl testing::internal::GetThreadCount(void)" (?GetThreadCount@internal@testing@@YAIXZ) jest już zdefiniowany w elemencie gtestd.lib(gtest-all.obj)
gtestd.lib(gtest-all.obj) : error LNK2005: Element "bool __cdecl testing::internal::ParseInt32(class testing::Message const &,char const *,int *)" (?ParseInt32@internal@testing@@YA_NABVMessage@2@PBDPAH@Z) jest już zdefiniowany w elemencie gtestd.lib(gtest-all.obj)
gtestd.lib(gtest-all.obj) : error LNK2005: Element "bool __cdecl testing::internal::BoolFromGTestEnv(char const *,bool)" (?BoolFromGTestEnv@internal@testing@@YA_NPBD_N@Z) jest już zdefiniowany w elemencie gtestd.lib(gtest-all.obj)
gtestd.lib(gtest-all.obj) : error LNK2005: Element "int __cdecl testing::internal::Int32FromGTestEnv(char const *,int)" (?Int32FromGTestEnv@internal@testing@@YAHPBDH@Z) jest już zdefiniowany w elemencie gtestd.lib(gtest-all.obj)
gtestd.lib(gtest-all.obj) : error LNK2005: Element "char const * __cdecl testing::internal::StringFromGTestEnv(char const *,char const *)" (?StringFromGTestEnv@internal@testing@@YAPBDPBD0@Z) jest już zdefiniowany w elemencie gtestd.lib(gtest-all.obj)
gtestd.lib(gtest-all.obj) : error LNK2005: Element "public: __thiscall testing::Message::Message(void)" (??0Message@testing@@QAE@XZ) jest już zdefiniowany w elemencie gtestd.lib(gtest-all.obj)
gtestd.lib(gtest-all.obj) : error LNK2005: Element "public: class testing::Message & __thiscall testing::Message::operator<<(wchar_t const *)" (??6Message@testing@@QAEAAV01@PB_W@Z) jest już zdefiniowany w elemencie gtestd.lib(gtest-all.obj)
gtestd.lib(gtest-all.obj) : error LNK2005: Element "public: class testing::Message & __thiscall testing::Message::operator<<(wchar_t *)" (??6Message@testing@@QAEAAV01@PA_W@Z) jest już zdefiniowany w elemencie gtestd.lib(gtest-all.obj)
gtestd.lib(gtest-all.obj) : error LNK2005: Element "public: class testing::Message & __thiscall testing::Message::operator<<(class std::basic_string<wchar_t,struct std::char_traits<wchar_t>,class std::allocator<wchar_t> > const &)" (??6Message@testing@@QAEAAV01@ABV?$basic_string@_WU?$char_traits@_W@std@@V?$allocator@_W@2@@std@@@Z) jest już zdefiniowany w elemencie gtestd.lib(gtest-all.obj)
gtestd.lib(gtest-all.obj) : error LNK2005: Element "public: class std::basic_string<char,struct std::char_traits<char>,class std::allocator<char> > __thiscall testing::Message::GetString(void)const " (?GetString@Message@testing@@QBE?AV?$basic_string@DU?$char_traits@D@std@@V?$allocator@D@2@@std@@XZ) jest już zdefiniowany w elemencie gtestd.lib(gtest-all.obj)
gtestd.lib(gtest-all.obj) : error LNK2005: Element "public: static bool __cdecl testing::internal::String::CStringEquals(char const *,char const *)" (?CStringEquals@String@internal@testing@@SA_NPBD0@Z) jest już zdefiniowany w elemencie gtestd.lib(gtest-all.obj)
gtestd.lib(gtest-all.obj) : error LNK2005: Element "public: static class std::basic_string<char,struct std::char_traits<char>,class std::allocator<char> > __cdecl testing::internal::String::ShowWideCString(wchar_t const *)" (?ShowWideCString@String@internal@testing@@SA?AV?$basic_string@DU?$char_traits@D@std@@V?$allocator@D@2@@std@@PB_W@Z) jest już zdefiniowany w elemencie gtestd.lib(gtest-all.obj)
gtestd.lib(gtest-all.obj) : error LNK2005: Element "public: static bool __cdecl testing::internal::String::WideCStringEquals(wchar_t const *,wchar_t const *)" (?WideCStringEquals@String@internal@testing@@SA_NPB_W0@Z) jest już zdefiniowany w elemencie gtestd.lib(gtest-all.obj)
gtestd.lib(gtest-all.obj) : error LNK2005: Element "public: static bool __cdecl testing::internal::String::CaseInsensitiveCStringEquals(char const *,char const *)" (?CaseInsensitiveCStringEquals@String@internal@testing@@SA_NPBD0@Z) jest już zdefiniowany w elemencie gtestd.lib(gtest-all.obj)
gtestd.lib(gtest-all.obj) : error LNK2005: Element "public: static bool __cdecl testing::internal::String::CaseInsensitiveWideCStringEquals(wchar_t const *,wchar_t const *)" (?CaseInsensitiveWideCStringEquals@String@internal@testing@@SA_NPB_W0@Z) jest już zdefiniowany w elemencie gtestd.lib(gtest-all.obj)
gtestd.lib(gtest-all.obj) : error LNK2005: Element "public: static bool __cdecl testing::internal::String::EndsWithCaseInsensitive(class std::basic_string<char,struct std::char_traits<char>,class std::allocator<char> > const &,class std::basic_string<char,struct std::char_traits<char>,class std::allocator<char> > const &)" (?EndsWithCaseInsensitive@String@internal@testing@@SA_NABV?$basic_string@DU?$char_traits@D@std@@V?$allocator@D@2@@std@@0@Z) jest już zdefiniowany w elemencie gtestd.lib(gtest-all.obj)
gtestd.lib(gtest-all.obj) : error LNK2005: Element "public: static class std::basic_string<char,struct std::char_traits<char>,class std::allocator<char> > __cdecl testing::internal::String::FormatIntWidth2(int)" (?FormatIntWidth2@String@internal@testing@@SA?AV?$basic_string@DU?$char_traits@D@std@@V?$allocator@D@2@@std@@H@Z) jest już zdefiniowany w elemencie gtestd.lib(gtest-all.obj)
gtestd.lib(gtest-all.obj) : error LNK2005: Element "public: static class std::basic_string<char,struct std::char_traits<char>,class std::allocator<char> > __cdecl testing::internal::String::FormatHexInt(int)" (?FormatHexInt@String@internal@testing@@SA?AV?$basic_string@DU?$char_traits@D@std@@V?$allocator@D@2@@std@@H@Z) jest już zdefiniowany w elemencie gtestd.lib(gtest-all.obj)
gtestd.lib(gtest-all.obj) : error LNK2005: Element "public: static class std::basic_string<char,struct std::char_traits<char>,class std::allocator<char> > __cdecl testing::internal::String::FormatByte(unsigned char)" (?FormatByte@String@internal@testing@@SA?AV?$basic_string@DU?$char_traits@D@std@@V?$allocator@D@2@@std@@E@Z) jest już zdefiniowany w elemencie gtestd.lib(gtest-all.obj)
gtestd.lib(gtest-all.obj) : error LNK2005: Element "class std::basic_string<char,struct std::char_traits<char>,class std::allocator<char> > __cdecl testing::internal::StringStreamToString(class std::basic_stringstream<char,struct std::char_traits<char>,class std::allocator<char> > *)" (?StringStreamToString@internal@testing@@YA?AV?$basic_string@DU?$char_traits@D@std@@V?$allocator@D@2@@std@@PAV?$basic_stringstream@DU?$char_traits@D@std@@V?$allocator@D@2@@4@@Z) jest już zdefiniowany w elemencie gtestd.lib(gtest-all.obj)
gtestd.lib(gtest-all.obj) : error LNK2005: Element "public: static class testing::internal::FilePath __cdecl testing::internal::FilePath::GetCurrentDir(void)" (?GetCurrentDir@FilePath@internal@testing@@SA?AV123@XZ) jest już zdefiniowany w elemencie gtestd.lib(gtest-all.obj)
gtestd.lib(gtest-all.obj) : error LNK2005: Element "public: static class testing::internal::FilePath __cdecl testing::internal::FilePath::MakeFileName(class testing::internal::FilePath const &,class testing::internal::FilePath const &,int,char const *)" (?MakeFileName@FilePath@internal@testing@@SA?AV123@ABV123@0HPBD@Z) jest już zdefiniowany w elemencie gtestd.lib(gtest-all.obj)
gtestd.lib(gtest-all.obj) : error LNK2005: Element "public: static class testing::internal::FilePath __cdecl testing::internal::FilePath::ConcatPaths(class testing::internal::FilePath const &,class testing::internal::FilePath const &)" (?ConcatPaths@FilePath@internal@testing@@SA?AV123@ABV123@0@Z) jest już zdefiniowany w elemencie gtestd.lib(gtest-all.obj)
gtestd.lib(gtest-all.obj) : error LNK2005: Element "public: static class testing::internal::FilePath __cdecl testing::internal::FilePath::GenerateUniqueFileName(class testing::internal::FilePath const &,class testing::internal::FilePath const &,char const *)" (?GenerateUniqueFileName@FilePath@internal@testing@@SA?AV123@ABV123@0PBD@Z) jest już zdefiniowany w elemencie gtestd.lib(gtest-all.obj)
gtestd.lib(gtest-all.obj) : error LNK2005: Element "public: class testing::internal::FilePath __thiscall testing::internal::FilePath::RemoveTrailingPathSeparator(void)const " (?RemoveTrailingPathSeparator@FilePath@internal@testing@@QBE?AV123@XZ) jest już zdefiniowany w elemencie gtestd.lib(gtest-all.obj)
gtestd.lib(gtest-all.obj) : error LNK2005: Element "public: class testing::internal::FilePath __thiscall testing::internal::FilePath::RemoveDirectoryName(void)const " (?RemoveDirectoryName@FilePath@internal@testing@@QBE?AV123@XZ) jest już zdefiniowany w elemencie gtestd.lib(gtest-all.obj)
gtestd.lib(gtest-all.obj) : error LNK2005: Element "public: class testing::internal::FilePath __thiscall testing::internal::FilePath::RemoveFileName(void)const " (?RemoveFileName@FilePath@internal@testing@@QBE?AV123@XZ) jest już zdefiniowany w elemencie gtestd.lib(gtest-all.obj)
gtestd.lib(gtest-all.obj) : error LNK2005: Element "public: class testing::internal::FilePath __thiscall testing::internal::FilePath::RemoveExtension(char const *)const " (?RemoveExtension@FilePath@internal@testing@@QBE?AV123@PBD@Z) jest już zdefiniowany w elemencie gtestd.lib(gtest-all.obj)
gtestd.lib(gtest-all.obj) : error LNK2005: Element "public: bool __thiscall testing::internal::FilePath::CreateDirectoriesRecursively(void)const " (?CreateDirectoriesRecursively@FilePath@internal@testing@@QBE_NXZ) jest już zdefiniowany w elemencie gtestd.lib(gtest-all.obj)
gtestd.lib(gtest-all.obj) : error LNK2005: Element "public: bool __thiscall testing::internal::FilePath::CreateFolder(void)const " (?CreateFolder@FilePath@internal@testing@@QBE_NXZ) jest już zdefiniowany w elemencie gtestd.lib(gtest-all.obj)
gtestd.lib(gtest-all.obj) : error LNK2005: Element "public: bool __thiscall testing::internal::FilePath::FileOrDirectoryExists(void)const " (?FileOrDirectoryExists@FilePath@internal@testing@@QBE_NXZ) jest już zdefiniowany w elemencie gtestd.lib(gtest-all.obj)
gtestd.lib(gtest-all.obj) : error LNK2005: Element "public: bool __thiscall testing::internal::FilePath::DirectoryExists(void)const " (?DirectoryExists@FilePath@internal@testing@@QBE_NXZ) jest już zdefiniowany w elemencie gtestd.lib(gtest-all.obj)
gtestd.lib(gtest-all.obj) : error LNK2005: Element "public: bool __thiscall testing::internal::FilePath::IsDirectory(void)const " (?IsDirectory@FilePath@internal@testing@@QBE_NXZ) jest już zdefiniowany w elemencie gtestd.lib(gtest-all.obj)
gtestd.lib(gtest-all.obj) : error LNK2005: Element "public: bool __thiscall testing::internal::FilePath::IsRootDirectory(void)const " (?IsRootDirectory@FilePath@internal@testing@@QBE_NXZ) jest już zdefiniowany w elemencie gtestd.lib(gtest-all.obj)
gtestd.lib(gtest-all.obj) : error LNK2005: Element "public: bool __thiscall testing::internal::FilePath::IsAbsolutePath(void)const " (?IsAbsolutePath@FilePath@internal@testing@@QBE_NXZ) jest już zdefiniowany w elemencie gtestd.lib(gtest-all.obj)
gtestd.lib(gtest-all.obj) : error LNK2005: Element "private: void __thiscall testing::internal::FilePath::Normalize(void)" (?Normalize@FilePath@internal@testing@@AAEXXZ) jest już zdefiniowany w elemencie gtestd.lib(gtest-all.obj)
gtestd.lib(gtest-all.obj) : error LNK2005: Element "private: char const * __thiscall testing::internal::FilePath::FindLastPathSeparator(void)const " (?FindLastPathSeparator@FilePath@internal@testing@@ABEPBDXZ) jest już zdefiniowany w elemencie gtestd.lib(gtest-all.obj)
gtestd.lib(gtest-all.obj) : error LNK2005: Element "class std::basic_string<char,struct std::char_traits<char>,class std::allocator<char> > __cdecl testing::internal::AppendUserMessage(class std::basic_string<char,struct std::char_traits<char>,class std::allocator<char> > const &,class testing::Message const &)" (?AppendUserMessage@internal@testing@@YA?AV?$basic_string@DU?$char_traits@D@std@@V?$allocator@D@2@@std@@ABV34@ABVMessage@2@@Z) jest już zdefiniowany w elemencie gtestd.lib(gtest-all.obj)
gtestd.lib(gtest-all.obj) : error LNK2005: Element "public: __thiscall testing::internal::GoogleTestFailureException::GoogleTestFailureException(class testing::TestPartResult const &)" (??0GoogleTestFailureException@internal@testing@@QAE@ABVTestPartResult@2@@Z) jest już zdefiniowany w elemencie gtestd.lib(gtest-all.obj)
gtestd.lib(gtest-all.obj) : error LNK2005: Element "class testing::AssertionResult __cdecl testing::internal::EqFailure(char const *,char const *,class std::basic_string<char,struct std::char_traits<char>,class std::allocator<char> > const &,class std::basic_string<char,struct std::char_traits<char>,class std::allocator<char> > const &,bool)" (?EqFailure@internal@testing@@YA?AVAssertionResult@2@PBD0ABV?$basic_string@DU?$char_traits@D@std@@V?$allocator@D@2@@std@@1_N@Z) jest już zdefiniowany w elemencie gtestd.lib(gtest-all.obj)
gtestd.lib(gtest-all.obj) : error LNK2005: Element "class std::basic_string<char,struct std::char_traits<char>,class std::allocator<char> > __cdecl testing::internal::GetBoolAssertionFailureMessage(class testing::AssertionResult const &,char const *,char const *,char const *)" (?GetBoolAssertionFailureMessage@internal@testing@@YA?AV?$basic_string@DU?$char_traits@D@std@@V?$allocator@D@2@@std@@ABVAssertionResult@2@PBD11@Z) jest już zdefiniowany w elemencie gtestd.lib(gtest-all.obj)
gtestd.lib(gtest-all.obj) : error LNK2005: Element "void const * __cdecl testing::internal::GetTestTypeId(void)" (?GetTestTypeId@internal@testing@@YAPBXXZ) jest już zdefiniowany w elemencie gtestd.lib(gtest-all.obj)
gtestd.lib(gtest-all.obj) : error LNK2005: Element "class testing::AssertionResult __cdecl testing::internal::IsHRESULTSuccess(char const *,long)" (?IsHRESULTSuccess@internal@testing@@YA?AVAssertionResult@2@PBDJ@Z) jest już zdefiniowany w elemencie gtestd.lib(gtest-all.obj)
gtestd.lib(gtest-all.obj) : error LNK2005: Element "class testing::AssertionResult __cdecl testing::internal::IsHRESULTFailure(char const *,long)" (?IsHRESULTFailure@internal@testing@@YA?AVAssertionResult@2@PBDJ@Z) jest już zdefiniowany w elemencie gtestd.lib(gtest-all.obj)
gtestd.lib(gtest-all.obj) : error LNK2005: Element "bool __cdecl testing::internal::SkipPrefix(char const *,char const * *)" (?SkipPrefix@internal@testing@@YA_NPBDPAPBD@Z) jest już zdefiniowany w elemencie gtestd.lib(gtest-all.obj)
gtestd.lib(gtest-all.obj) : error LNK2005: Element "public: char const * __thiscall testing::internal::TypedTestCasePState::VerifyRegisteredTestNames(char const *,int,char const *)" (?VerifyRegisteredTestNames@TypedTestCasePState@internal@testing@@QAEPBDPBDH0@Z) jest już zdefiniowany w elemencie gtestd.lib(gtest-all.obj)
gtestd.lib(gtest-all.obj) : error LNK2005: Element "class std::basic_string<char,struct std::char_traits<char>,class std::allocator<char> > __cdecl testing::internal::GetCurrentOsStackTraceExceptTop(class testing::UnitTest *,int)" (?GetCurrentOsStackTraceExceptTop@internal@testing@@YA?AV?$basic_string@DU?$char_traits@D@std@@V?$allocator@D@2@@std@@PAVUnitTest@2@H@Z) jest już zdefiniowany w elemencie gtestd.lib(gtest-all.obj)
gtestd.lib(gtest-all.obj) : error LNK2005: Element "bool __cdecl testing::internal::AlwaysTrue(void)" (?AlwaysTrue@internal@testing@@YA_NXZ) jest już zdefiniowany w elemencie gtestd.lib(gtest-all.obj)
gtestd.lib(gtest-all.obj) : error LNK2005: Element "public: unsigned int __thiscall testing::internal::Random::Generate(unsigned int)" (?Generate@Random@internal@testing@@QAEII@Z) jest już zdefiniowany w elemencie gtestd.lib(gtest-all.obj)
gtestd.lib(gtest-all.obj) : error LNK2005: Element "public: static bool __cdecl testing::internal::DeathTest::Create(char const *,class testing::internal::RE const *,char const *,int,class testing::internal::DeathTest * *)" (?Create@DeathTest@internal@testing@@SA_NPBDPBVRE@23@0HPAPAV123@@Z) jest już zdefiniowany w elemencie gtestd.lib(gtest-all.obj)
gtestd.lib(gtest-all.obj) : error LNK2005: Element "public: __thiscall testing::internal::DeathTest::DeathTest(void)" (??0DeathTest@internal@testing@@QAE@XZ) jest już zdefiniowany w elemencie gtestd.lib(gtest-all.obj)
gtestd.lib(gtest-all.obj) : error LNK2005: Element "public: static char const * __cdecl testing::internal::DeathTest::LastMessage(void)" (?LastMessage@DeathTest@internal@testing@@SAPBDXZ) jest już zdefiniowany w elemencie gtestd.lib(gtest-all.obj)
gtestd.lib(gtest-all.obj) : error LNK2005: Element "public: static void __cdecl testing::internal::DeathTest::set_last_death_test_message(class std::basic_string<char,struct std::char_traits<char>,class std::allocator<char> > const &)" (?set_last_death_test_message@DeathTest@internal@testing@@SAXABV?$basic_string@DU?$char_traits@D@std@@V?$allocator@D@2@@std@@@Z) jest już zdefiniowany w elemencie gtestd.lib(gtest-all.obj)
gtestd.lib(gtest-all.obj) : error LNK2005: Element "public: virtual bool __thiscall testing::internal::DefaultDeathTestFactory::Create(char const *,class testing::internal::RE const *,char const *,int,class testing::internal::DeathTest * *)" (?Create@DefaultDeathTestFactory@internal@testing@@UAE_NPBDPBVRE@23@0HPAPAVDeathTest@23@@Z) jest już zdefiniowany w elemencie gtestd.lib(gtest-all.obj)
gtestd.lib(gtest-all.obj) : error LNK2005: Element "bool __cdecl testing::internal::ExitedUnsuccessfully(int)" (?ExitedUnsuccessfully@internal@testing@@YA_NH@Z) jest już zdefiniowany w elemencie gtestd.lib(gtest-all.obj)
gtestd.lib(gtest-all.obj) : error LNK2005: Element "class testing::internal::InternalRunDeathTestFlag * __cdecl testing::internal::ParseInternalRunDeathTestFlag(void)" (?ParseInternalRunDeathTestFlag@internal@testing@@YAPAVInternalRunDeathTestFlag@12@XZ) jest już zdefiniowany w elemencie gtestd.lib(gtest-all.obj)
gtestd.lib(gtest-all.obj) : error LNK2005: Element "bool __cdecl testing::internal::InDeathTestChild(void)" (?InDeathTestChild@internal@testing@@YA_NXZ) jest już zdefiniowany w elemencie gtestd.lib(gtest-all.obj)
gtestd.lib(gtest-all.obj) : error LNK2005: Element "public: __thiscall testing::ExitedWithCode::ExitedWithCode(int)" (??0ExitedWithCode@testing@@QAE@H@Z) jest już zdefiniowany w elemencie gtestd.lib(gtest-all.obj)
gtestd.lib(gtest-all.obj) : error LNK2005: Element "public: bool __thiscall testing::ExitedWithCode::operator()(int)const " (??RExitedWithCode@testing@@QBE_NH@Z) jest już zdefiniowany w elemencie gtestd.lib(gtest-all.obj)
gtestd.lib(gtest-all.obj) : error LNK2005: Element "void __cdecl testing::internal2::PrintBytesInObjectTo(unsigned char const *,unsigned int,class std::basic_ostream<char,struct std::char_traits<char> > *)" (?PrintBytesInObjectTo@internal2@testing@@YAXPBEIPAV?$basic_ostream@DU?$char_traits@D@std@@@std@@@Z) jest już zdefiniowany w elemencie gtestd.lib(gtest-all.obj)
gtestd.lib(gtest-all.obj) : error LNK2005: Element "void __cdecl testing::internal::PrintTo(unsigned char,class std::basic_ostream<char,struct std::char_traits<char> > *)" (?PrintTo@internal@testing@@YAXEPAV?$basic_ostream@DU?$char_traits@D@std@@@std@@@Z) jest już zdefiniowany w elemencie gtestd.lib(gtest-all.obj)
gtestd.lib(gtest-all.obj) : error LNK2005: Element "void __cdecl testing::internal::PrintTo(signed char,class std::basic_ostream<char,struct std::char_traits<char> > *)" (?PrintTo@internal@testing@@YAXCPAV?$basic_ostream@DU?$char_traits@D@std@@@std@@@Z) jest już zdefiniowany w elemencie gtestd.lib(gtest-all.obj)
gtestd.lib(gtest-all.obj) : error LNK2005: Element "void __cdecl testing::internal::PrintTo(wchar_t,class std::basic_ostream<char,struct std::char_traits<char> > *)" (?PrintTo@internal@testing@@YAX_WPAV?$basic_ostream@DU?$char_traits@D@std@@@std@@@Z) jest już zdefiniowany w elemencie gtestd.lib(gtest-all.obj)
gtestd.lib(gtest-all.obj) : error LNK2005: Element "void __cdecl testing::internal::PrintTo(char const *,class std::basic_ostream<char,struct std::char_traits<char> > *)" (?PrintTo@internal@testing@@YAXPBDPAV?$basic_ostream@DU?$char_traits@D@std@@@std@@@Z) jest już zdefiniowany w elemencie gtestd.lib(gtest-all.obj)
gtestd.lib(gtest-all.obj) : error LNK2005: Element "void __cdecl testing::internal::PrintTo(wchar_t const *,class std::basic_ostream<char,struct std::char_traits<char> > *)" (?PrintTo@internal@testing@@YAXPB_WPAV?$basic_ostream@DU?$char_traits@D@std@@@std@@@Z) jest już zdefiniowany w elemencie gtestd.lib(gtest-all.obj)
gtestd.lib(gtest-all.obj) : error LNK2005: Element "void __cdecl testing::internal::PrintStringTo(class std::basic_string<char,struct std::char_traits<char>,class std::allocator<char> > const &,class std::basic_ostream<char,struct std::char_traits<char> > *)" (?PrintStringTo@internal@testing@@YAXABV?$basic_string@DU?$char_traits@D@std@@V?$allocator@D@2@@std@@PAV?$basic_ostream@DU?$char_traits@D@std@@@4@@Z) jest już zdefiniowany w elemencie gtestd.lib(gtest-all.obj)
gtestd.lib(gtest-all.obj) : error LNK2005: Element "void __cdecl testing::internal::PrintWideStringTo(class std::basic_string<wchar_t,struct std::char_traits<wchar_t>,class std::allocator<wchar_t> > const &,class std::basic_ostream<char,struct std::char_traits<char> > *)" (?PrintWideStringTo@internal@testing@@YAXABV?$basic_string@_WU?$char_traits@_W@std@@V?$allocator@_W@2@@std@@PAV?$basic_ostream@DU?$char_traits@D@std@@@4@@Z) jest już zdefiniowany w elemencie gtestd.lib(gtest-all.obj)
gtestd.lib(gtest-all.obj) : error LNK2005: Element "void __cdecl testing::internal::UniversalPrintArray(char const *,unsigned int,class std::basic_ostream<char,struct std::char_traits<char> > *)" (?UniversalPrintArray@internal@testing@@YAXPBDIPAV?$basic_ostream@DU?$char_traits@D@std@@@std@@@Z) jest już zdefiniowany w elemencie gtestd.lib(gtest-all.obj)
gtestd.lib(gtest-all.obj) : error LNK2005: Element "void __cdecl testing::internal::UniversalPrintArray(wchar_t const *,unsigned int,class std::basic_ostream<char,struct std::char_traits<char> > *)" (?UniversalPrintArray@internal@testing@@YAXPB_WIPAV?$basic_ostream@DU?$char_traits@D@std@@@std@@@Z) jest już zdefiniowany w elemencie gtestd.lib(gtest-all.obj)
gtestd.lib(gtest-all.obj) : error LNK2005: Element "private: static class std::basic_string<char,struct std::char_traits<char>,class std::allocator<char> > __cdecl testing::TestPartResult::ExtractSummary(char const *)" (?ExtractSummary@TestPartResult@testing@@CA?AV?$basic_string@DU?$char_traits@D@std@@V?$allocator@D@2@@std@@PBD@Z) jest już zdefiniowany w elemencie gtestd.lib(gtest-all.obj)
gtestd.lib(gtest-all.obj) : error LNK2005: Element "class std::basic_ostream<char,struct std::char_traits<char> > & __cdecl testing::operator<<(class std::basic_ostream<char,struct std::char_traits<char> > &,class testing::TestPartResult const &)" (??6testing@@YAAAV?$basic_ostream@DU?$char_traits@D@std@@@std@@AAV12@ABVTestPartResult@0@@Z) jest już zdefiniowany w elemencie gtestd.lib(gtest-all.obj)
gtestd.lib(gtest-all.obj) : error LNK2005: Element "public: void __thiscall testing::TestPartResultArray::Append(class testing::TestPartResult const &)" (?Append@TestPartResultArray@testing@@QAEXABVTestPartResult@2@@Z) jest już zdefiniowany w elemencie gtestd.lib(gtest-all.obj)
gtestd.lib(gtest-all.obj) : error LNK2005: Element "public: class testing::TestPartResult const & __thiscall testing::TestPartResultArray::GetTestPartResult(int)const " (?GetTestPartResult@TestPartResultArray@testing@@QBEABVTestPartResult@2@H@Z) jest już zdefiniowany w elemencie gtestd.lib(gtest-all.obj)
gtestd.lib(gtest-all.obj) : error LNK2005: Element "public: int __thiscall testing::TestPartResultArray::size(void)const " (?size@TestPartResultArray@testing@@QBEHXZ) jest już zdefiniowany w elemencie gtestd.lib(gtest-all.obj)
gtestd.lib(gtest-all.obj) : error LNK2005: Element "public: __thiscall testing::internal::HasNewFatalFailureHelper::HasNewFatalFailureHelper(void)" (??0HasNewFatalFailureHelper@internal@testing@@QAE@XZ) jest już zdefiniowany w elemencie gtestd.lib(gtest-all.obj)
gtestd.lib(gtest-all.obj) : error LNK2005: Element "public: virtual __thiscall testing::internal::HasNewFatalFailureHelper::~HasNewFatalFailureHelper(void)" (??1HasNewFatalFailureHelper@internal@testing@@UAE@XZ) jest już zdefiniowany w elemencie gtestd.lib(gtest-all.obj)
gtestd.lib(gtest-all.obj) : error LNK2005: Element "public: virtual void __thiscall testing::internal::HasNewFatalFailureHelper::ReportTestPartResult(class testing::TestPartResult const &)" (?ReportTestPartResult@HasNewFatalFailureHelper@internal@testing@@UAEXABVTestPartResult@3@@Z) jest już zdefiniowany w elemencie gtestd.lib(gtest-all.obj)
gtestd.lib(gtest-all.obj) : error LNK2005: Element "void __cdecl testing::internal::ReportFailureInUnknownLocation(enum testing::TestPartResult::Type,class std::basic_string<char,struct std::char_traits<char>,class std::allocator<char> > const &)" (?ReportFailureInUnknownLocation@internal@testing@@YAXW4Type@TestPartResult@2@ABV?$basic_string@DU?$char_traits@D@std@@V?$allocator@D@2@@std@@@Z) jest już zdefiniowany w elemencie gtestd.lib(gtest-all.obj)
gtestd.lib(gtest-all.obj) : error LNK2005: Element "public: __thiscall testing::AssertionResult::AssertionResult(class testing::AssertionResult const &)" (??0AssertionResult@testing@@QAE@ABV01@@Z) jest już zdefiniowany w elemencie gtestd.lib(gtest-all.obj)
gtestd.lib(gtest-all.obj) : error LNK2005: Element "public: class testing::AssertionResult __thiscall testing::AssertionResult::operator!(void)const " (??7AssertionResult@testing@@QBE?AV01@XZ) jest już zdefiniowany w elemencie gtestd.lib(gtest-all.obj)
gtestd.lib(gtest-all.obj) : error LNK2005: Element "class testing::AssertionResult __cdecl testing::AssertionSuccess(void)" (?AssertionSuccess@testing@@YA?AVAssertionResult@1@XZ) jest już zdefiniowany w elemencie gtestd.lib(gtest-all.obj)
gtestd.lib(gtest-all.obj) : error LNK2005: Element "class testing::AssertionResult __cdecl testing::AssertionFailure(void)" (?AssertionFailure@testing@@YA?AVAssertionResult@1@XZ) jest już zdefiniowany w elemencie gtestd.lib(gtest-all.obj)
gtestd.lib(gtest-all.obj) : error LNK2005: Element "class testing::AssertionResult __cdecl testing::AssertionFailure(class testing::Message const &)" (?AssertionFailure@testing@@YA?AVAssertionResult@1@ABVMessage@1@@Z) jest już zdefiniowany w elemencie gtestd.lib(gtest-all.obj)
gtestd.lib(gtest-all.obj) : error LNK2005: Element "public: virtual __thiscall testing::Test::~Test(void)" (??1Test@testing@@UAE@XZ) jest już zdefiniowany w elemencie gtestd.lib(gtest-all.obj)
gtestd.lib(gtest-all.obj) : error LNK2005: Element "public: static bool __cdecl testing::Test::HasFatalFailure(void)" (?HasFatalFailure@Test@testing@@SA_NXZ) jest już zdefiniowany w elemencie gtestd.lib(gtest-all.obj)
gtestd.lib(gtest-all.obj) : error LNK2005: Element "public: static bool __cdecl testing::Test::HasNonfatalFailure(void)" (?HasNonfatalFailure@Test@testing@@SA_NXZ) jest już zdefiniowany w elemencie gtestd.lib(gtest-all.obj)
gtestd.lib(gtest-all.obj) : error LNK2005: Element "public: static void __cdecl testing::Test::RecordProperty(class std::basic_string<char,struct std::char_traits<char>,class std::allocator<char> > const &,class std::basic_string<char,struct std::char_traits<char>,class std::allocator<char> > const &)" (?RecordProperty@Test@testing@@SAXABV?$basic_string@DU?$char_traits@D@std@@V?$allocator@D@2@@std@@0@Z) jest już zdefiniowany w elemencie gtestd.lib(gtest-all.obj)
gtestd.lib(gtest-all.obj) : error LNK2005: Element "public: static void __cdecl testing::Test::RecordProperty(class std::basic_string<char,struct std::char_traits<char>,class std::allocator<char> > const &,int)" (?RecordProperty@Test@testing@@SAXABV?$basic_string@DU?$char_traits@D@std@@V?$allocator@D@2@@std@@H@Z) jest już zdefiniowany w elemencie gtestd.lib(gtest-all.obj)
gtestd.lib(gtest-all.obj) : error LNK2005: Element "protected: __thiscall testing::Test::Test(void)" (??0Test@testing@@IAE@XZ) jest już zdefiniowany w elemencie gtestd.lib(gtest-all.obj)
gtestd.lib(gtest-all.obj) : error LNK2005: Element "protected: virtual void __thiscall testing::Test::SetUp(void)" (?SetUp@Test@testing@@MAEXXZ) jest już zdefiniowany w elemencie gtestd.lib(gtest-all.obj)
gtestd.lib(gtest-all.obj) : error LNK2005: Element "protected: virtual void __thiscall testing::Test::TearDown(void)" (?TearDown@Test@testing@@MAEXXZ) jest już zdefiniowany w elemencie gtestd.lib(gtest-all.obj)
gtestd.lib(gtest-all.obj) : error LNK2005: Element "private: static bool __cdecl testing::Test::HasSameFixtureClass(void)" (?HasSameFixtureClass@Test@testing@@CA_NXZ) jest już zdefiniowany w elemencie gtestd.lib(gtest-all.obj)
gtestd.lib(gtest-all.obj) : error LNK2005: Element "private: void __thiscall testing::Test::Run(void)" (?Run@Test@testing@@AAEXXZ) jest już zdefiniowany w elemencie gtestd.lib(gtest-all.obj)
gtestd.lib(gtest-all.obj) : error LNK2005: Element "public: __thiscall testing::TestResult::TestResult(void)" (??0TestResult@testing@@QAE@XZ) jest już zdefiniowany w elemencie gtestd.lib(gtest-all.obj)
gtestd.lib(gtest-all.obj) : error LNK2005: Element "public: __thiscall testing::TestResult::~TestResult(void)" (??1TestResult@testing@@QAE@XZ) jest już zdefiniowany w elemencie gtestd.lib(gtest-all.obj)
gtestd.lib(gtest-all.obj) : error LNK2005: Element "public: int __thiscall testing::TestResult::total_part_count(void)const " (?total_part_count@TestResult@testing@@QBEHXZ) jest już zdefiniowany w elemencie gtestd.lib(gtest-all.obj)
gtestd.lib(gtest-all.obj) : error LNK2005: Element "public: int __thiscall testing::TestResult::test_property_count(void)const " (?test_property_count@TestResult@testing@@QBEHXZ) jest już zdefiniowany w elemencie gtestd.lib(gtest-all.obj)
gtestd.lib(gtest-all.obj) : error LNK2005: Element "public: bool __thiscall testing::TestResult::Failed(void)const " (?Failed@TestResult@testing@@QBE_NXZ) jest już zdefiniowany w elemencie gtestd.lib(gtest-all.obj)
gtestd.lib(gtest-all.obj) : error LNK2005: Element "public: bool __thiscall testing::TestResult::HasFatalFailure(void)const " (?HasFatalFailure@TestResult@testing@@QBE_NXZ) jest już zdefiniowany w elemencie gtestd.lib(gtest-all.obj)
gtestd.lib(gtest-all.obj) : error LNK2005: Element "public: bool __thiscall testing::TestResult::HasNonfatalFailure(void)const " (?HasNonfatalFailure@TestResult@testing@@QBE_NXZ) jest już zdefiniowany w elemencie gtestd.lib(gtest-all.obj)
gtestd.lib(gtest-all.obj) : error LNK2005: Element "public: class testing::TestPartResult const & __thiscall testing::TestResult::GetTestPartResult(int)const " (?GetTestPartResult@TestResult@testing@@QBEABVTestPartResult@2@H@Z) jest już zdefiniowany w elemencie gtestd.lib(gtest-all.obj)
gtestd.lib(gtest-all.obj) : error LNK2005: Element "public: class testing::TestProperty const & __thiscall testing::TestResult::GetTestProperty(int)const " (?GetTestProperty@TestResult@testing@@QBEABVTestProperty@2@H@Z) jest już zdefiniowany w elemencie gtestd.lib(gtest-all.obj)
gtestd.lib(gtest-all.obj) : error LNK2005: Element "private: void __thiscall testing::TestResult::RecordProperty(class std::basic_string<char,struct std::char_traits<char>,class std::allocator<char> > const &,class testing::TestProperty const &)" (?RecordProperty@TestResult@testing@@AAEXABV?$basic_string@DU?$char_traits@D@std@@V?$allocator@D@2@@std@@ABVTestProperty@2@@Z) jest już zdefiniowany w elemencie gtestd.lib(gtest-all.obj)
gtestd.lib(gtest-all.obj) : error LNK2005: Element "private: static bool __cdecl testing::TestResult::ValidateTestProperty(class std::basic_string<char,struct std::char_traits<char>,class std::allocator<char> > const &,class testing::TestProperty const &)" (?ValidateTestProperty@TestResult@testing@@CA_NABV?$basic_string@DU?$char_traits@D@std@@V?$allocator@D@2@@std@@ABVTestProperty@2@@Z) jest już zdefiniowany w elemencie gtestd.lib(gtest-all.obj)
gtestd.lib(gtest-all.obj) : error LNK2005: Element "private: void __thiscall testing::TestResult::AddTestPartResult(class testing::TestPartResult const &)" (?AddTestPartResult@TestResult@testing@@AAEXABVTestPartResult@2@@Z) jest już zdefiniowany w elemencie gtestd.lib(gtest-all.obj)
gtestd.lib(gtest-all.obj) : error LNK2005: Element "private: void __thiscall testing::TestResult::ClearTestPartResults(void)" (?ClearTestPartResults@TestResult@testing@@AAEXXZ) jest już zdefiniowany w elemencie gtestd.lib(gtest-all.obj)
gtestd.lib(gtest-all.obj) : error LNK2005: Element "private: void __thiscall testing::TestResult::Clear(void)" (?Clear@TestResult@testing@@AAEXXZ) jest już zdefiniowany w elemencie gtestd.lib(gtest-all.obj)
gtestd.lib(gtest-all.obj) : error LNK2005: Element "public: __thiscall testing::TestInfo::~TestInfo(void)" (??1TestInfo@testing@@QAE@XZ) jest już zdefiniowany w elemencie gtestd.lib(gtest-all.obj)
gtestd.lib(gtest-all.obj) : error LNK2005: Element "private: void __thiscall testing::TestInfo::Run(void)" (?Run@TestInfo@testing@@AAEXXZ) jest już zdefiniowany w elemencie gtestd.lib(gtest-all.obj)
gtestd.lib(gtest-all.obj) : error LNK2005: Element "public: __thiscall testing::TestCase::TestCase(char const *,char const *,void (__cdecl*)(void),void (__cdecl*)(void))" (??0TestCase@testing@@QAE@PBD0P6AXXZ1@Z) jest już zdefiniowany w elemencie gtestd.lib(gtest-all.obj)
gtestd.lib(gtest-all.obj) : error LNK2005: Element "public: virtual __thiscall testing::TestCase::~TestCase(void)" (??1TestCase@testing@@UAE@XZ) jest już zdefiniowany w elemencie gtestd.lib(gtest-all.obj)
gtestd.lib(gtest-all.obj) : error LNK2005: Element "public: int __thiscall testing::TestCase::successful_test_count(void)const " (?successful_test_count@TestCase@testing@@QBEHXZ) jest już zdefiniowany w elemencie gtestd.lib(gtest-all.obj)
gtestd.lib(gtest-all.obj) : error LNK2005: Element "public: int __thiscall testing::TestCase::failed_test_count(void)const " (?failed_test_count@TestCase@testing@@QBEHXZ) jest już zdefiniowany w elemencie gtestd.lib(gtest-all.obj)
gtestd.lib(gtest-all.obj) : error LNK2005: Element "public: int __thiscall testing::TestCase::reportable_disabled_test_count(void)const " (?reportable_disabled_test_count@TestCase@testing@@QBEHXZ) jest już zdefiniowany w elemencie gtestd.lib(gtest-all.obj)
gtestd.lib(gtest-all.obj) : error LNK2005: Element "public: int __thiscall testing::TestCase::disabled_test_count(void)const " (?disabled_test_count@TestCase@testing@@QBEHXZ) jest już zdefiniowany w elemencie gtestd.lib(gtest-all.obj)
gtestd.lib(gtest-all.obj) : error LNK2005: Element "public: int __thiscall testing::TestCase::reportable_test_count(void)const " (?reportable_test_count@TestCase@testing@@QBEHXZ) jest już zdefiniowany w elemencie gtestd.lib(gtest-all.obj)
gtestd.lib(gtest-all.obj) : error LNK2005: Element "public: int __thiscall testing::TestCase::test_to_run_count(void)const " (?test_to_run_count@TestCase@testing@@QBEHXZ) jest już zdefiniowany w elemencie gtestd.lib(gtest-all.obj)
gtestd.lib(gtest-all.obj) : error LNK2005: Element "public: int __thiscall testing::TestCase::total_test_count(void)const " (?total_test_count@TestCase@testing@@QBEHXZ) jest już zdefiniowany w elemencie gtestd.lib(gtest-all.obj)
gtestd.lib(gtest-all.obj) : error LNK2005: Element "public: class testing::TestInfo const * __thiscall testing::TestCase::GetTestInfo(int)const " (?GetTestInfo@TestCase@testing@@QBEPBVTestInfo@2@H@Z) jest już zdefiniowany w elemencie gtestd.lib(gtest-all.obj)
gtestd.lib(gtest-all.obj) : error LNK2005: Element "private: class testing::TestInfo * __thiscall testing::TestCase::GetMutableTestInfo(int)" (?GetMutableTestInfo@TestCase@testing@@AAEPAVTestInfo@2@H@Z) jest już zdefiniowany w elemencie gtestd.lib(gtest-all.obj)
gtestd.lib(gtest-all.obj) : error LNK2005: Element "private: void __thiscall testing::TestCase::AddTestInfo(class testing::TestInfo *)" (?AddTestInfo@TestCase@testing@@AAEXPAVTestInfo@2@@Z) jest już zdefiniowany w elemencie gtestd.lib(gtest-all.obj)
gtestd.lib(gtest-all.obj) : error LNK2005: Element "private: void __thiscall testing::TestCase::ClearResult(void)" (?ClearResult@TestCase@testing@@AAEXXZ) jest już zdefiniowany w elemencie gtestd.lib(gtest-all.obj)
gtestd.lib(gtest-all.obj) : error LNK2005: Element "private: void __thiscall testing::TestCase::Run(void)" (?Run@TestCase@testing@@AAEXXZ) jest już zdefiniowany w elemencie gtestd.lib(gtest-all.obj)
gtestd.lib(gtest-all.obj) : error LNK2005: Element "private: void __thiscall testing::TestCase::ShuffleTests(class testing::internal::Random *)" (?ShuffleTests@TestCase@testing@@AAEXPAVRandom@internal@2@@Z) jest już zdefiniowany w elemencie gtestd.lib(gtest-all.obj)
gtestd.lib(gtest-all.obj) : error LNK2005: Element "private: void __thiscall testing::TestCase::UnshuffleTests(void)" (?UnshuffleTests@TestCase@testing@@AAEXXZ) jest już zdefiniowany w elemencie gtestd.lib(gtest-all.obj)
gtestd.lib(gtest-all.obj) : error LNK2005: Element "public: __thiscall testing::TestEventListeners::TestEventListeners(void)" (??0TestEventListeners@testing@@QAE@XZ) jest już zdefiniowany w elemencie gtestd.lib(gtest-all.obj)
gtestd.lib(gtest-all.obj) : error LNK2005: Element "public: __thiscall testing::TestEventListeners::~TestEventListeners(void)" (??1TestEventListeners@testing@@QAE@XZ) jest już zdefiniowany w elemencie gtestd.lib(gtest-all.obj)
gtestd.lib(gtest-all.obj) : error LNK2005: Element "public: void __thiscall testing::TestEventListeners::Append(class testing::TestEventListener *)" (?Append@TestEventListeners@testing@@QAEXPAVTestEventListener@2@@Z) jest już zdefiniowany w elemencie gtestd.lib(gtest-all.obj)
gtestd.lib(gtest-all.obj) : error LNK2005: Element "public: class testing::TestEventListener * __thiscall testing::TestEventListeners::Release(class testing::TestEventListener *)" (?Release@TestEventListeners@testing@@QAEPAVTestEventListener@2@PAV32@@Z) jest już zdefiniowany w elemencie gtestd.lib(gtest-all.obj)
gtestd.lib(gtest-all.obj) : error LNK2005: Element "private: class testing::TestEventListener * __thiscall testing::TestEventListeners::repeater(void)" (?repeater@TestEventListeners@testing@@AAEPAVTestEventListener@2@XZ) jest już zdefiniowany w elemencie gtestd.lib(gtest-all.obj)
gtestd.lib(gtest-all.obj) : error LNK2005: Element "private: void __thiscall testing::TestEventListeners::SetDefaultResultPrinter(class testing::TestEventListener *)" (?SetDefaultResultPrinter@TestEventListeners@testing@@AAEXPAVTestEventListener@2@@Z) jest już zdefiniowany w elemencie gtestd.lib(gtest-all.obj)
gtestd.lib(gtest-all.obj) : error LNK2005: Element "private: void __thiscall testing::TestEventListeners::SetDefaultXmlGenerator(class testing::TestEventListener *)" (?SetDefaultXmlGenerator@TestEventListeners@testing@@AAEXPAVTestEventListener@2@@Z) jest już zdefiniowany w elemencie gtestd.lib(gtest-all.obj)
gtestd.lib(gtest-all.obj) : error LNK2005: Element "private: bool __thiscall testing::TestEventListeners::EventForwardingEnabled(void)const " (?EventForwardingEnabled@TestEventListeners@testing@@ABE_NXZ) jest już zdefiniowany w elemencie gtestd.lib(gtest-all.obj)
gtestd.lib(gtest-all.obj) : error LNK2005: Element "private: void __thiscall testing::TestEventListeners::SuppressEventForwarding(void)" (?SuppressEventForwarding@TestEventListeners@testing@@AAEXXZ) jest już zdefiniowany w elemencie gtestd.lib(gtest-all.obj)
gtestd.lib(gtest-all.obj) : error LNK2005: Element "public: static class testing::UnitTest * __cdecl testing::UnitTest::GetInstance(void)" (?GetInstance@UnitTest@testing@@SAPAV12@XZ) jest już zdefiniowany w elemencie gtestd.lib(gtest-all.obj)
gtestd.lib(gtest-all.obj) : error LNK2005: Element "public: int __thiscall testing::UnitTest::Run(void)" (?Run@UnitTest@testing@@QAEHXZ) jest już zdefiniowany w elemencie gtestd.lib(gtest-all.obj)
gtestd.lib(gtest-all.obj) : error LNK2005: Element "public: char const * __thiscall testing::UnitTest::original_working_dir(void)const " (?original_working_dir@UnitTest@testing@@QBEPBDXZ) jest już zdefiniowany w elemencie gtestd.lib(gtest-all.obj)
gtestd.lib(gtest-all.obj) : error LNK2005: Element "public: class testing::TestCase const * __thiscall testing::UnitTest::current_test_case(void)const " (?current_test_case@UnitTest@testing@@QBEPBVTestCase@2@XZ) jest już zdefiniowany w elemencie gtestd.lib(gtest-all.obj)
gtestd.lib(gtest-all.obj) : error LNK2005: Element "public: class testing::TestInfo const * __thiscall testing::UnitTest::current_test_info(void)const " (?current_test_info@UnitTest@testing@@QBEPBVTestInfo@2@XZ) jest już zdefiniowany w elemencie gtestd.lib(gtest-all.obj)
gtestd.lib(gtest-all.obj) : error LNK2005: Element "public: int __thiscall testing::UnitTest::random_seed(void)const " (?random_seed@UnitTest@testing@@QBEHXZ) jest już zdefiniowany w elemencie gtestd.lib(gtest-all.obj)
gtestd.lib(gtest-all.obj) : error LNK2005: Element "public: class testing::internal::ParameterizedTestCaseRegistry & __thiscall testing::UnitTest::parameterized_test_registry(void)" (?parameterized_test_registry@UnitTest@testing@@QAEAAVParameterizedTestCaseRegistry@internal@2@XZ) jest już zdefiniowany w elemencie gtestd.lib(gtest-all.obj)
gtestd.lib(gtest-all.obj) : error LNK2005: Element "public: int __thiscall testing::UnitTest::successful_test_case_count(void)const " (?successful_test_case_count@UnitTest@testing@@QBEHXZ) jest już zdefiniowany w elemencie gtestd.lib(gtest-all.obj)
gtestd.lib(gtest-all.obj) : error LNK2005: Element "public: int __thiscall testing::UnitTest::failed_test_case_count(void)const " (?failed_test_case_count@UnitTest@testing@@QBEHXZ) jest już zdefiniowany w elemencie gtestd.lib(gtest-all.obj)
gtestd.lib(gtest-all.obj) : error LNK2005: Element "public: int __thiscall testing::UnitTest::total_test_case_count(void)const " (?total_test_case_count@UnitTest@testing@@QBEHXZ) jest już zdefiniowany w elemencie gtestd.lib(gtest-all.obj)
gtestd.lib(gtest-all.obj) : error LNK2005: Element "public: int __thiscall testing::UnitTest::test_case_to_run_count(void)const " (?test_case_to_run_count@UnitTest@testing@@QBEHXZ) jest już zdefiniowany w elemencie gtestd.lib(gtest-all.obj)
gtestd.lib(gtest-all.obj) : error LNK2005: Element "public: int __thiscall testing::UnitTest::successful_test_count(void)const " (?successful_test_count@UnitTest@testing@@QBEHXZ) jest już zdefiniowany w elemencie gtestd.lib(gtest-all.obj)
gtestd.lib(gtest-all.obj) : error LNK2005: Element "public: int __thiscall testing::UnitTest::failed_test_count(void)const " (?failed_test_count@UnitTest@testing@@QBEHXZ) jest już zdefiniowany w elemencie gtestd.lib(gtest-all.obj)
gtestd.lib(gtest-all.obj) : error LNK2005: Element "public: int __thiscall testing::UnitTest::reportable_disabled_test_count(void)const " (?reportable_disabled_test_count@UnitTest@testing@@QBEHXZ) jest już zdefiniowany w elemencie gtestd.lib(gtest-all.obj)
gtestd.lib(gtest-all.obj) : error LNK2005: Element "public: int __thiscall testing::UnitTest::disabled_test_count(void)const " (?disabled_test_count@UnitTest@testing@@QBEHXZ) jest już zdefiniowany w elemencie gtestd.lib(gtest-all.obj)
gtestd.lib(gtest-all.obj) : error LNK2005: Element "public: int __thiscall testing::UnitTest::reportable_test_count(void)const " (?reportable_test_count@UnitTest@testing@@QBEHXZ) jest już zdefiniowany w elemencie gtestd.lib(gtest-all.obj)
gtestd.lib(gtest-all.obj) : error LNK2005: Element "public: int __thiscall testing::UnitTest::total_test_count(void)const " (?total_test_count@UnitTest@testing@@QBEHXZ) jest już zdefiniowany w elemencie gtestd.lib(gtest-all.obj)
gtestd.lib(gtest-all.obj) : error LNK2005: Element "public: int __thiscall testing::UnitTest::test_to_run_count(void)const " (?test_to_run_count@UnitTest@testing@@QBEHXZ) jest już zdefiniowany w elemencie gtestd.lib(gtest-all.obj)
gtestd.lib(gtest-all.obj) : error LNK2005: Element "public: __int64 __thiscall testing::UnitTest::start_timestamp(void)const " (?start_timestamp@UnitTest@testing@@QBE_JXZ) jest już zdefiniowany w elemencie gtestd.lib(gtest-all.obj)
gtestd.lib(gtest-all.obj) : error LNK2005: Element "public: __int64 __thiscall testing::UnitTest::elapsed_time(void)const " (?elapsed_time@UnitTest@testing@@QBE_JXZ) jest już zdefiniowany w elemencie gtestd.lib(gtest-all.obj)
gtestd.lib(gtest-all.obj) : error LNK2005: Element "public: bool __thiscall testing::UnitTest::Passed(void)const " (?Passed@UnitTest@testing@@QBE_NXZ) jest już zdefiniowany w elemencie gtestd.lib(gtest-all.obj)
gtestd.lib(gtest-all.obj) : error LNK2005: Element "public: bool __thiscall testing::UnitTest::Failed(void)const " (?Failed@UnitTest@testing@@QBE_NXZ) jest już zdefiniowany w elemencie gtestd.lib(gtest-all.obj)
gtestd.lib(gtest-all.obj) : error LNK2005: Element "public: class testing::TestCase const * __thiscall testing::UnitTest::GetTestCase(int)const " (?GetTestCase@UnitTest@testing@@QBEPBVTestCase@2@H@Z) jest już zdefiniowany w elemencie gtestd.lib(gtest-all.obj)
gtestd.lib(gtest-all.obj) : error LNK2005: Element "public: class testing::TestResult const & __thiscall testing::UnitTest::ad_hoc_test_result(void)const " (?ad_hoc_test_result@UnitTest@testing@@QBEABVTestResult@2@XZ) jest już zdefiniowany w elemencie gtestd.lib(gtest-all.obj)
gtestd.lib(gtest-all.obj) : error LNK2005: Element "public: class testing::TestEventListeners & __thiscall testing::UnitTest::listeners(void)" (?listeners@UnitTest@testing@@QAEAAVTestEventListeners@2@XZ) jest już zdefiniowany w elemencie gtestd.lib(gtest-all.obj)
gtestd.lib(gtest-all.obj) : error LNK2005: Element "private: class testing::Environment * __thiscall testing::UnitTest::AddEnvironment(class testing::Environment *)" (?AddEnvironment@UnitTest@testing@@AAEPAVEnvironment@2@PAV32@@Z) jest już zdefiniowany w elemencie gtestd.lib(gtest-all.obj)
gtestd.lib(gtest-all.obj) : error LNK2005: Element "private: void __thiscall testing::UnitTest::AddTestPartResult(enum testing::TestPartResult::Type,char const *,int,class std::basic_string<char,struct std::char_traits<char>,class std::allocator<char> > const &,class std::basic_string<char,struct std::char_traits<char>,class std::allocator<char> > const &)" (?AddTestPartResult@UnitTest@testing@@AAEXW4Type@TestPartResult@2@PBDHABV?$basic_string@DU?$char_traits@D@std@@V?$allocator@D@2@@std@@2@Z) jest już zdefiniowany w elemencie gtestd.lib(gtest-all.obj)
gtestd.lib(gtest-all.obj) : error LNK2005: Element "private: void __thiscall testing::UnitTest::RecordProperty(class std::basic_string<char,struct std::char_traits<char>,class std::allocator<char> > const &,class std::basic_string<char,struct std::char_traits<char>,class std::allocator<char> > const &)" (?RecordProperty@UnitTest@testing@@AAEXABV?$basic_string@DU?$char_traits@D@std@@V?$allocator@D@2@@std@@0@Z) jest już zdefiniowany w elemencie gtestd.lib(gtest-all.obj)
gtestd.lib(gtest-all.obj) : error LNK2005: Element "private: class testing::TestCase * __thiscall testing::UnitTest::GetMutableTestCase(int)" (?GetMutableTestCase@UnitTest@testing@@AAEPAVTestCase@2@H@Z) jest już zdefiniowany w elemencie gtestd.lib(gtest-all.obj)
gtestd.lib(gtest-all.obj) : error LNK2005: Element "private: __thiscall testing::UnitTest::UnitTest(void)" (??0UnitTest@testing@@AAE@XZ) jest już zdefiniowany w elemencie gtestd.lib(gtest-all.obj)
gtestd.lib(gtest-all.obj) : error LNK2005: Element "private: virtual __thiscall testing::UnitTest::~UnitTest(void)" (??1UnitTest@testing@@EAE@XZ) jest już zdefiniowany w elemencie gtestd.lib(gtest-all.obj)
gtestd.lib(gtest-all.obj) : error LNK2005: Element "private: void __thiscall testing::UnitTest::PushGTestTrace(struct testing::internal::TraceInfo const &)" (?PushGTestTrace@UnitTest@testing@@AAEXABUTraceInfo@internal@2@@Z) jest już zdefiniowany w elemencie gtestd.lib(gtest-all.obj)
gtestd.lib(gtest-all.obj) : error LNK2005: Element "private: void __thiscall testing::UnitTest::PopGTestTrace(void)" (?PopGTestTrace@UnitTest@testing@@AAEXXZ) jest już zdefiniowany w elemencie gtestd.lib(gtest-all.obj)
gtestd.lib(gtest-all.obj) : error LNK2005: Element "void __cdecl testing::InitGoogleTest(int *,char * *)" (?InitGoogleTest@testing@@YAXPAHPAPAD@Z) jest już zdefiniowany w elemencie gtestd.lib(gtest-all.obj)
gtestd.lib(gtest-all.obj) : error LNK2005: Element "void __cdecl testing::InitGoogleTest(int *,wchar_t * *)" (?InitGoogleTest@testing@@YAXPAHPAPA_W@Z) jest już zdefiniowany w elemencie gtestd.lib(gtest-all.obj)
gtestd.lib(gtest-all.obj) : error LNK2005: Element "class testing::AssertionResult __cdecl testing::internal::CmpHelperEQ(char const *,char const *,__int64,__int64)" (?CmpHelperEQ@internal@testing@@YA?AVAssertionResult@2@PBD0_J1@Z) jest już zdefiniowany w elemencie gtestd.lib(gtest-all.obj)
gtestd.lib(gtest-all.obj) : error LNK2005: Element "class testing::AssertionResult __cdecl testing::internal::CmpHelperNE(char const *,char const *,__int64,__int64)" (?CmpHelperNE@internal@testing@@YA?AVAssertionResult@2@PBD0_J1@Z) jest już zdefiniowany w elemencie gtestd.lib(gtest-all.obj)
gtestd.lib(gtest-all.obj) : error LNK2005: Element "class testing::AssertionResult __cdecl testing::internal::CmpHelperLE(char const *,char const *,__int64,__int64)" (?CmpHelperLE@internal@testing@@YA?AVAssertionResult@2@PBD0_J1@Z) jest już zdefiniowany w elemencie gtestd.lib(gtest-all.obj)
gtestd.lib(gtest-all.obj) : error LNK2005: Element "class testing::AssertionResult __cdecl testing::internal::CmpHelperLT(char const *,char const *,__int64,__int64)" (?CmpHelperLT@internal@testing@@YA?AVAssertionResult@2@PBD0_J1@Z) jest już zdefiniowany w elemencie gtestd.lib(gtest-all.obj)
gtestd.lib(gtest-all.obj) : error LNK2005: Element "class testing::AssertionResult __cdecl testing::internal::CmpHelperGE(char const *,char const *,__int64,__int64)" (?CmpHelperGE@internal@testing@@YA?AVAssertionResult@2@PBD0_J1@Z) jest już zdefiniowany w elemencie gtestd.lib(gtest-all.obj)
gtestd.lib(gtest-all.obj) : error LNK2005: Element "class testing::AssertionResult __cdecl testing::internal::CmpHelperGT(char const *,char const *,__int64,__int64)" (?CmpHelperGT@internal@testing@@YA?AVAssertionResult@2@PBD0_J1@Z) jest już zdefiniowany w elemencie gtestd.lib(gtest-all.obj)
gtestd.lib(gtest-all.obj) : error LNK2005: Element "class testing::AssertionResult __cdecl testing::internal::CmpHelperSTREQ(char const *,char const *,char const *,char const *)" (?CmpHelperSTREQ@internal@testing@@YA?AVAssertionResult@2@PBD000@Z) jest już zdefiniowany w elemencie gtestd.lib(gtest-all.obj)
gtestd.lib(gtest-all.obj) : error LNK2005: Element "class testing::AssertionResult __cdecl testing::internal::CmpHelperSTRCASEEQ(char const *,char const *,char const *,char const *)" (?CmpHelperSTRCASEEQ@internal@testing@@YA?AVAssertionResult@2@PBD000@Z) jest już zdefiniowany w elemencie gtestd.lib(gtest-all.obj)
gtestd.lib(gtest-all.obj) : error LNK2005: Element "class testing::AssertionResult __cdecl testing::internal::CmpHelperSTRNE(char const *,char const *,char const *,char const *)" (?CmpHelperSTRNE@internal@testing@@YA?AVAssertionResult@2@PBD000@Z) jest już zdefiniowany w elemencie gtestd.lib(gtest-all.obj)
gtestd.lib(gtest-all.obj) : error LNK2005: Element "class testing::AssertionResult __cdecl testing::internal::CmpHelperSTRCASENE(char const *,char const *,char const *,char const *)" (?CmpHelperSTRCASENE@internal@testing@@YA?AVAssertionResult@2@PBD000@Z) jest już zdefiniowany w elemencie gtestd.lib(gtest-all.obj)
gtestd.lib(gtest-all.obj) : error LNK2005: Element "class testing::AssertionResult __cdecl testing::internal::CmpHelperSTREQ(char const *,char const *,wchar_t const *,wchar_t const *)" (?CmpHelperSTREQ@internal@testing@@YA?AVAssertionResult@2@PBD0PB_W1@Z) jest już zdefiniowany w elemencie gtestd.lib(gtest-all.obj)
gtestd.lib(gtest-all.obj) : error LNK2005: Element "class testing::AssertionResult __cdecl testing::internal::CmpHelperSTRNE(char const *,char const *,wchar_t const *,wchar_t const *)" (?CmpHelperSTRNE@internal@testing@@YA?AVAssertionResult@2@PBD0PB_W1@Z) jest już zdefiniowany w elemencie gtestd.lib(gtest-all.obj)
gtestd.lib(gtest-all.obj) : error LNK2005: Element "class testing::AssertionResult __cdecl testing::IsSubstring(char const *,char const *,char const *,char const *)" (?IsSubstring@testing@@YA?AVAssertionResult@1@PBD000@Z) jest już zdefiniowany w elemencie gtestd.lib(gtest-all.obj)
gtestd.lib(gtest-all.obj) : error LNK2005: Element "class testing::AssertionResult __cdecl testing::IsSubstring(char const *,char const *,wchar_t const *,wchar_t const *)" (?IsSubstring@testing@@YA?AVAssertionResult@1@PBD0PB_W1@Z) jest już zdefiniowany w elemencie gtestd.lib(gtest-all.obj)
gtestd.lib(gtest-all.obj) : error LNK2005: Element "class testing::AssertionResult __cdecl testing::IsNotSubstring(char const *,char const *,char const *,char const *)" (?IsNotSubstring@testing@@YA?AVAssertionResult@1@PBD000@Z) jest już zdefiniowany w elemencie gtestd.lib(gtest-all.obj)
gtestd.lib(gtest-all.obj) : error LNK2005: Element "class testing::AssertionResult __cdecl testing::IsNotSubstring(char const *,char const *,wchar_t const *,wchar_t const *)" (?IsNotSubstring@testing@@YA?AVAssertionResult@1@PBD0PB_W1@Z) jest już zdefiniowany w elemencie gtestd.lib(gtest-all.obj)
gtestd.lib(gtest-all.obj) : error LNK2005: Element "class testing::AssertionResult __cdecl testing::IsSubstring(char const *,char const *,class std::basic_string<char,struct std::char_traits<char>,class std::allocator<char> > const &,class std::basic_string<char,struct std::char_traits<char>,class std::allocator<char> > const &)" (?IsSubstring@testing@@YA?AVAssertionResult@1@PBD0ABV?$basic_string@DU?$char_traits@D@std@@V?$allocator@D@2@@std@@1@Z) jest już zdefiniowany w elemencie gtestd.lib(gtest-all.obj)
gtestd.lib(gtest-all.obj) : error LNK2005: Element "class testing::AssertionResult __cdecl testing::IsNotSubstring(char const *,char const *,class std::basic_string<char,struct std::char_traits<char>,class std::allocator<char> > const &,class std::basic_string<char,struct std::char_traits<char>,class std::allocator<char> > const &)" (?IsNotSubstring@testing@@YA?AVAssertionResult@1@PBD0ABV?$basic_string@DU?$char_traits@D@std@@V?$allocator@D@2@@std@@1@Z) jest już zdefiniowany w elemencie gtestd.lib(gtest-all.obj)
gtestd.lib(gtest-all.obj) : error LNK2005: Element "class testing::AssertionResult __cdecl testing::IsSubstring(char const *,char const *,class std::basic_string<wchar_t,struct std::char_traits<wchar_t>,class std::allocator<wchar_t> > const &,class std::basic_string<wchar_t,struct std::char_traits<wchar_t>,class std::allocator<wchar_t> > const &)" (?IsSubstring@testing@@YA?AVAssertionResult@1@PBD0ABV?$basic_string@_WU?$char_traits@_W@std@@V?$allocator@_W@2@@std@@1@Z) jest już zdefiniowany w elemencie gtestd.lib(gtest-all.obj)
gtestd.lib(gtest-all.obj) : error LNK2005: Element "class testing::AssertionResult __cdecl testing::IsNotSubstring(char const *,char const *,class std::basic_string<wchar_t,struct std::char_traits<wchar_t>,class std::allocator<wchar_t> > const &,class std::basic_string<wchar_t,struct std::char_traits<wchar_t>,class std::allocator<wchar_t> > const &)" (?IsNotSubstring@testing@@YA?AVAssertionResult@1@PBD0ABV?$basic_string@_WU?$char_traits@_W@std@@V?$allocator@_W@2@@std@@1@Z) jest już zdefiniowany w elemencie gtestd.lib(gtest-all.obj)
gtestd.lib(gtest-all.obj) : error LNK2005: Element "class testing::AssertionResult __cdecl testing::internal::DoubleNearPredFormat(char const *,char const *,char const *,double,double,double)" (?DoubleNearPredFormat@internal@testing@@YA?AVAssertionResult@2@PBD00NNN@Z) jest już zdefiniowany w elemencie gtestd.lib(gtest-all.obj)
gtestd.lib(gtest-all.obj) : error LNK2005: Element "public: __thiscall testing::internal::AssertHelper::AssertHelper(enum testing::TestPartResult::Type,char const *,int,char const *)" (??0AssertHelper@internal@testing@@QAE@W4Type@TestPartResult@2@PBDH1@Z) jest już zdefiniowany w elemencie gtestd.lib(gtest-all.obj)
gtestd.lib(gtest-all.obj) : error LNK2005: Element "public: __thiscall testing::internal::AssertHelper::~AssertHelper(void)" (??1AssertHelper@internal@testing@@QAE@XZ) jest już zdefiniowany w elemencie gtestd.lib(gtest-all.obj)
gtestd.lib(gtest-all.obj) : error LNK2005: Element "public: void __thiscall testing::internal::AssertHelper::operator=(class testing::Message const &)const " (??4AssertHelper@internal@testing@@QBEXABVMessage@2@@Z) jest już zdefiniowany w elemencie gtestd.lib(gtest-all.obj)
gtestd.lib(gtest-all.obj) : error LNK2005: Element "class testing::AssertionResult __cdecl testing::FloatLE(char const *,char const *,float,float)" (?FloatLE@testing@@YA?AVAssertionResult@1@PBD0MM@Z) jest już zdefiniowany w elemencie gtestd.lib(gtest-all.obj)
gtestd.lib(gtest-all.obj) : error LNK2005: Element "class testing::AssertionResult __cdecl testing::DoubleLE(char const *,char const *,double,double)" (?DoubleLE@testing@@YA?AVAssertionResult@1@PBD0NN@Z) jest już zdefiniowany w elemencie gtestd.lib(gtest-all.obj)
gtestd.lib(gtest-all.obj) : error LNK2005: Element "public: __thiscall testing::ScopedFakeTestPartResultReporter::ScopedFakeTestPartResultReporter(class testing::TestPartResultArray *)" (??0ScopedFakeTestPartResultReporter@testing@@QAE@PAVTestPartResultArray@1@@Z) jest już zdefiniowany w elemencie gtestd.lib(gtest-all.obj)
gtestd.lib(gtest-all.obj) : error LNK2005: Element "public: __thiscall testing::ScopedFakeTestPartResultReporter::ScopedFakeTestPartResultReporter(enum testing::ScopedFakeTestPartResultReporter::InterceptMode,class testing::TestPartResultArray *)" (??0ScopedFakeTestPartResultReporter@testing@@QAE@W4InterceptMode@01@PAVTestPartResultArray@1@@Z) jest już zdefiniowany w elemencie gtestd.lib(gtest-all.obj)
gtestd.lib(gtest-all.obj) : error LNK2005: Element "public: virtual __thiscall testing::ScopedFakeTestPartResultReporter::~ScopedFakeTestPartResultReporter(void)" (??1ScopedFakeTestPartResultReporter@testing@@UAE@XZ) jest już zdefiniowany w elemencie gtestd.lib(gtest-all.obj)
gtestd.lib(gtest-all.obj) : error LNK2005: Element "public: virtual void __thiscall testing::ScopedFakeTestPartResultReporter::ReportTestPartResult(class testing::TestPartResult const &)" (?ReportTestPartResult@ScopedFakeTestPartResultReporter@testing@@UAEXABVTestPartResult@2@@Z) jest już zdefiniowany w elemencie gtestd.lib(gtest-all.obj)
gtestd.lib(gtest-all.obj) : error LNK2005: Element "private: void __thiscall testing::ScopedFakeTestPartResultReporter::Init(void)" (?Init@ScopedFakeTestPartResultReporter@testing@@AAEXXZ) jest już zdefiniowany w elemencie gtestd.lib(gtest-all.obj)
gtestd.lib(gtest-all.obj) : error LNK2005: Element "public: __thiscall testing::internal::SingleFailureChecker::SingleFailureChecker(class testing::TestPartResultArray const *,enum testing::TestPartResult::Type,class std::basic_string<char,struct std::char_traits<char>,class std::allocator<char> > const &)" (??0SingleFailureChecker@internal@testing@@QAE@PBVTestPartResultArray@2@W4Type@TestPartResult@2@ABV?$basic_string@DU?$char_traits@D@std@@V?$allocator@D@2@@std@@@Z) jest już zdefiniowany w elemencie gtestd.lib(gtest-all.obj)
gtestd.lib(gtest-all.obj) : error LNK2005: Element "public: __thiscall testing::internal::SingleFailureChecker::~SingleFailureChecker(void)" (??1SingleFailureChecker@internal@testing@@QAE@XZ) jest już zdefiniowany w elemencie gtestd.lib(gtest-all.obj)
gtestd.lib(gtest-all.obj) : error LNK2005: Element "__int64 __cdecl testing::internal::GetTimeInMillis(void)" (?GetTimeInMillis@internal@testing@@YA_JXZ) jest już zdefiniowany w elemencie gtestd.lib(gtest-all.obj)
gtestd.lib(gtest-all.obj) : error LNK2005: Element "bool __cdecl testing::internal::ShouldUseColor(bool)" (?ShouldUseColor@internal@testing@@YA_N_N@Z) jest już zdefiniowany w elemencie gtestd.lib(gtest-all.obj)
gtestd.lib(gtest-all.obj) : error LNK2005: Element "class std::basic_string<char,struct std::char_traits<char>,class std::allocator<char> > __cdecl testing::internal::FormatTimeInMillisAsSeconds(__int64)" (?FormatTimeInMillisAsSeconds@internal@testing@@YA?AV?$basic_string@DU?$char_traits@D@std@@V?$allocator@D@2@@std@@_J@Z) jest już zdefiniowany w elemencie gtestd.lib(gtest-all.obj)
gtestd.lib(gtest-all.obj) : error LNK2005: Element "class std::basic_string<char,struct std::char_traits<char>,class std::allocator<char> > __cdecl testing::internal::FormatEpochTimeInMillisAsIso8601(__int64)" (?FormatEpochTimeInMillisAsIso8601@internal@testing@@YA?AV?$basic_string@DU?$char_traits@D@std@@V?$allocator@D@2@@std@@_J@Z) jest już zdefiniowany w elemencie gtestd.lib(gtest-all.obj)
gtestd.lib(gtest-all.obj) : error LNK2005: Element "bool __cdecl testing::internal::ParseInt32Flag(char const *,char const *,int *)" (?ParseInt32Flag@internal@testing@@YA_NPBD0PAH@Z) jest już zdefiniowany w elemencie gtestd.lib(gtest-all.obj)
gtestd.lib(gtest-all.obj) : error LNK2005: Element "class std::basic_string<char,struct std::char_traits<char>,class std::allocator<char> > __cdecl testing::internal::CodePointToUtf8(unsigned int)" (?CodePointToUtf8@internal@testing@@YA?AV?$basic_string@DU?$char_traits@D@std@@V?$allocator@D@2@@std@@I@Z) jest już zdefiniowany w elemencie gtestd.lib(gtest-all.obj)
gtestd.lib(gtest-all.obj) : error LNK2005: Element "class std::basic_string<char,struct std::char_traits<char>,class std::allocator<char> > __cdecl testing::internal::WideStringToUtf8(wchar_t const *,int)" (?WideStringToUtf8@internal@testing@@YA?AV?$basic_string@DU?$char_traits@D@std@@V?$allocator@D@2@@std@@PB_WH@Z) jest już zdefiniowany w elemencie gtestd.lib(gtest-all.obj)
gtestd.lib(gtest-all.obj) : error LNK2005: Element "void __cdecl testing::internal::WriteToShardStatusFileIfNeeded(void)" (?WriteToShardStatusFileIfNeeded@internal@testing@@YAXXZ) jest już zdefiniowany w elemencie gtestd.lib(gtest-all.obj)
gtestd.lib(gtest-all.obj) : error LNK2005: Element "bool __cdecl testing::internal::ShouldShard(char const *,char const *,bool)" (?ShouldShard@internal@testing@@YA_NPBD0_N@Z) jest już zdefiniowany w elemencie gtestd.lib(gtest-all.obj)
gtestd.lib(gtest-all.obj) : error LNK2005: Element "int __cdecl testing::internal::Int32FromEnvOrDie(char const *,int)" (?Int32FromEnvOrDie@internal@testing@@YAHPBDH@Z) jest już zdefiniowany w elemencie gtestd.lib(gtest-all.obj)
gtestd.lib(gtest-all.obj) : error LNK2005: Element "bool __cdecl testing::internal::ShouldRunTestOnShard(int,int,int)" (?ShouldRunTestOnShard@internal@testing@@YA_NHHH@Z) jest już zdefiniowany w elemencie gtestd.lib(gtest-all.obj)
gtestd.lib(gtest-all.obj) : error LNK2005: Element "public: static class std::basic_string<char,struct std::char_traits<char>,class std::allocator<char> > __cdecl testing::internal::UnitTestOptions::GetOutputFormat(void)" (?GetOutputFormat@UnitTestOptions@internal@testing@@SA?AV?$basic_string@DU?$char_traits@D@std@@V?$allocator@D@2@@std@@XZ) jest już zdefiniowany w elemencie gtestd.lib(gtest-all.obj)
gtestd.lib(gtest-all.obj) : error LNK2005: Element "public: static class std::basic_string<char,struct std::char_traits<char>,class std::allocator<char> > __cdecl testing::internal::UnitTestOptions::GetAbsolutePathToOutputFile(void)" (?GetAbsolutePathToOutputFile@UnitTestOptions@internal@testing@@SA?AV?$basic_string@DU?$char_traits@D@std@@V?$allocator@D@2@@std@@XZ) jest już zdefiniowany w elemencie gtestd.lib(gtest-all.obj)
gtestd.lib(gtest-all.obj) : error LNK2005: Element "public: static bool __cdecl testing::internal::UnitTestOptions::PatternMatchesString(char const *,char const *)" (?PatternMatchesString@UnitTestOptions@internal@testing@@SA_NPBD0@Z) jest już zdefiniowany w elemencie gtestd.lib(gtest-all.obj)
gtestd.lib(gtest-all.obj) : error LNK2005: Element "public: static bool __cdecl testing::internal::UnitTestOptions::FilterMatchesTest(class std::basic_string<char,struct std::char_traits<char>,class std::allocator<char> > const &,class std::basic_string<char,struct std::char_traits<char>,class std::allocator<char> > const &)" (?FilterMatchesTest@UnitTestOptions@internal@testing@@SA_NABV?$basic_string@DU?$char_traits@D@std@@V?$allocator@D@2@@std@@0@Z) jest już zdefiniowany w elemencie gtestd.lib(gtest-all.obj)
gtestd.lib(gtest-all.obj) : error LNK2005: Element "public: static int __cdecl testing::internal::UnitTestOptions::GTestShouldProcessSEH(unsigned long)" (?GTestShouldProcessSEH@UnitTestOptions@internal@testing@@SAHK@Z) jest już zdefiniowany w elemencie gtestd.lib(gtest-all.obj)
gtestd.lib(gtest-all.obj) : error LNK2005: Element "public: static bool __cdecl testing::internal::UnitTestOptions::MatchesFilter(class std::basic_string<char,struct std::char_traits<char>,class std::allocator<char> > const &,char const *)" (?MatchesFilter@UnitTestOptions@internal@testing@@SA_NABV?$basic_string@DU?$char_traits@D@std@@V?$allocator@D@2@@std@@PBD@Z) jest już zdefiniowany w elemencie gtestd.lib(gtest-all.obj)
gtestd.lib(gtest-all.obj) : error LNK2005: Element "class testing::internal::FilePath __cdecl testing::internal::GetCurrentExecutableName(void)" (?GetCurrentExecutableName@internal@testing@@YA?AVFilePath@12@XZ) jest już zdefiniowany w elemencie gtestd.lib(gtest-all.obj)
gtestd.lib(gtest-all.obj) : error LNK2005: Element "public: virtual class std::basic_string<char,struct std::char_traits<char>,class std::allocator<char> > __thiscall testing::internal::OsStackTraceGetter::CurrentStackTrace(int,int)" (?CurrentStackTrace@OsStackTraceGetter@internal@testing@@UAE?AV?$basic_string@DU?$char_traits@D@std@@V?$allocator@D@2@@std@@HH@Z) jest już zdefiniowany w elemencie gtestd.lib(gtest-all.obj)
gtestd.lib(gtest-all.obj) : error LNK2005: Element "public: virtual void __thiscall testing::internal::OsStackTraceGetter::UponLeavingGTest(void)" (?UponLeavingGTest@OsStackTraceGetter@internal@testing@@UAEXXZ) jest już zdefiniowany w elemencie gtestd.lib(gtest-all.obj)
gtestd.lib(gtest-all.obj) : error LNK2005: Element "public: __thiscall testing::internal::DefaultGlobalTestPartResultReporter::DefaultGlobalTestPartResultReporter(class testing::internal::UnitTestImpl *)" (??0DefaultGlobalTestPartResultReporter@internal@testing@@QAE@PAVUnitTestImpl@12@@Z) jest już zdefiniowany w elemencie gtestd.lib(gtest-all.obj)
gtestd.lib(gtest-all.obj) : error LNK2005: Element "public: virtual void __thiscall testing::internal::DefaultGlobalTestPartResultReporter::ReportTestPartResult(class testing::TestPartResult const &)" (?ReportTestPartResult@DefaultGlobalTestPartResultReporter@internal@testing@@UAEXABVTestPartResult@3@@Z) jest już zdefiniowany w elemencie gtestd.lib(gtest-all.obj)
gtestd.lib(gtest-all.obj) : error LNK2005: Element "public: __thiscall testing::internal::DefaultPerThreadTestPartResultReporter::DefaultPerThreadTestPartResultReporter(class testing::internal::UnitTestImpl *)" (??0DefaultPerThreadTestPartResultReporter@internal@testing@@QAE@PAVUnitTestImpl@12@@Z) jest już zdefiniowany w elemencie gtestd.lib(gtest-all.obj)
gtestd.lib(gtest-all.obj) : error LNK2005: Element "public: virtual void __thiscall testing::internal::DefaultPerThreadTestPartResultReporter::ReportTestPartResult(class testing::TestPartResult const &)" (?ReportTestPartResult@DefaultPerThreadTestPartResultReporter@internal@testing@@UAEXABVTestPartResult@3@@Z) jest już zdefiniowany w elemencie gtestd.lib(gtest-all.obj)
gtestd.lib(gtest-all.obj) : error LNK2005: Element "public: __thiscall testing::internal::UnitTestImpl::UnitTestImpl(class testing::UnitTest *)" (??0UnitTestImpl@internal@testing@@QAE@PAVUnitTest@2@@Z) jest już zdefiniowany w elemencie gtestd.lib(gtest-all.obj)
gtestd.lib(gtest-all.obj) : error LNK2005: Element "public: virtual __thiscall testing::internal::UnitTestImpl::~UnitTestImpl(void)" (??1UnitTestImpl@internal@testing@@UAE@XZ) jest już zdefiniowany w elemencie gtestd.lib(gtest-all.obj)
gtestd.lib(gtest-all.obj) : error LNK2005: Element "public: class testing::TestPartResultReporterInterface * __thiscall testing::internal::UnitTestImpl::GetGlobalTestPartResultReporter(void)" (?GetGlobalTestPartResultReporter@UnitTestImpl@internal@testing@@QAEPAVTestPartResultReporterInterface@3@XZ) jest już zdefiniowany w elemencie gtestd.lib(gtest-all.obj)
gtestd.lib(gtest-all.obj) : error LNK2005: Element "public: void __thiscall testing::internal::UnitTestImpl::SetGlobalTestPartResultReporter(class testing::TestPartResultReporterInterface *)" (?SetGlobalTestPartResultReporter@UnitTestImpl@internal@testing@@QAEXPAVTestPartResultReporterInterface@3@@Z) jest już zdefiniowany w elemencie gtestd.lib(gtest-all.obj)
gtestd.lib(gtest-all.obj) : error LNK2005: Element "public: class testing::TestPartResultReporterInterface * __thiscall testing::internal::UnitTestImpl::GetTestPartResultReporterForCurrentThread(void)" (?GetTestPartResultReporterForCurrentThread@UnitTestImpl@internal@testing@@QAEPAVTestPartResultReporterInterface@3@XZ) jest już zdefiniowany w elemencie gtestd.lib(gtest-all.obj)
gtestd.lib(gtest-all.obj) : error LNK2005: Element "public: void __thiscall testing::internal::UnitTestImpl::SetTestPartResultReporterForCurrentThread(class testing::TestPartResultReporterInterface *)" (?SetTestPartResultReporterForCurrentThread@UnitTestImpl@internal@testing@@QAEXPAVTestPartResultReporterInterface@3@@Z) jest już zdefiniowany w elemencie gtestd.lib(gtest-all.obj)
gtestd.lib(gtest-all.obj) : error LNK2005: Element "public: int __thiscall testing::internal::UnitTestImpl::successful_test_case_count(void)const " (?successful_test_case_count@UnitTestImpl@internal@testing@@QBEHXZ) jest już zdefiniowany w elemencie gtestd.lib(gtest-all.obj)
gtestd.lib(gtest-all.obj) : error LNK2005: Element "public: int __thiscall testing::internal::UnitTestImpl::failed_test_case_count(void)const " (?failed_test_case_count@UnitTestImpl@internal@testing@@QBEHXZ) jest już zdefiniowany w elemencie gtestd.lib(gtest-all.obj)
gtestd.lib(gtest-all.obj) : error LNK2005: Element "public: int __thiscall testing::internal::UnitTestImpl::total_test_case_count(void)const " (?total_test_case_count@UnitTestImpl@internal@testing@@QBEHXZ) jest już zdefiniowany w elemencie gtestd.lib(gtest-all.obj)
gtestd.lib(gtest-all.obj) : error LNK2005: Element "public: int __thiscall testing::internal::UnitTestImpl::test_case_to_run_count(void)const " (?test_case_to_run_count@UnitTestImpl@internal@testing@@QBEHXZ) jest już zdefiniowany w elemencie gtestd.lib(gtest-all.obj)
gtestd.lib(gtest-all.obj) : error LNK2005: Element "public: int __thiscall testing::internal::UnitTestImpl::successful_test_count(void)const " (?successful_test_count@UnitTestImpl@internal@testing@@QBEHXZ) jest już zdefiniowany w elemencie gtestd.lib(gtest-all.obj)
gtestd.lib(gtest-all.obj) : error LNK2005: Element "public: int __thiscall testing::internal::UnitTestImpl::failed_test_count(void)const " (?failed_test_count@UnitTestImpl@internal@testing@@QBEHXZ) jest już zdefiniowany w elemencie gtestd.lib(gtest-all.obj)
gtestd.lib(gtest-all.obj) : error LNK2005: Element "public: int __thiscall testing::internal::UnitTestImpl::reportable_disabled_test_count(void)const " (?reportable_disabled_test_count@UnitTestImpl@internal@testing@@QBEHXZ) jest już zdefiniowany w elemencie gtestd.lib(gtest-all.obj)
gtestd.lib(gtest-all.obj) : error LNK2005: Element "public: int __thiscall testing::internal::UnitTestImpl::disabled_test_count(void)const " (?disabled_test_count@UnitTestImpl@internal@testing@@QBEHXZ) jest już zdefiniowany w elemencie gtestd.lib(gtest-all.obj)
gtestd.lib(gtest-all.obj) : error LNK2005: Element "public: int __thiscall testing::internal::UnitTestImpl::reportable_test_count(void)const " (?reportable_test_count@UnitTestImpl@internal@testing@@QBEHXZ) jest już zdefiniowany w elemencie gtestd.lib(gtest-all.obj)
gtestd.lib(gtest-all.obj) : error LNK2005: Element "public: int __thiscall testing::internal::UnitTestImpl::total_test_count(void)const " (?total_test_count@UnitTestImpl@internal@testing@@QBEHXZ) jest już zdefiniowany w elemencie gtestd.lib(gtest-all.obj)
gtestd.lib(gtest-all.obj) : error LNK2005: Element "public: int __thiscall testing::internal::UnitTestImpl::test_to_run_count(void)const " (?test_to_run_count@UnitTestImpl@internal@testing@@QBEHXZ) jest już zdefiniowany w elemencie gtestd.lib(gtest-all.obj)
gtestd.lib(gtest-all.obj) : error LNK2005: Element "public: class testing::TestResult * __thiscall testing::internal::UnitTestImpl::current_test_result(void)" (?current_test_result@UnitTestImpl@internal@testing@@QAEPAVTestResult@3@XZ) jest już zdefiniowany w elemencie gtestd.lib(gtest-all.obj)
gtestd.lib(gtest-all.obj) : error LNK2005: Element "public: void __thiscall testing::internal::UnitTestImpl::set_os_stack_trace_getter(class testing::internal::OsStackTraceGetterInterface *)" (?set_os_stack_trace_getter@UnitTestImpl@internal@testing@@QAEXPAVOsStackTraceGetterInterface@23@@Z) jest już zdefiniowany w elemencie gtestd.lib(gtest-all.obj)
gtestd.lib(gtest-all.obj) : error LNK2005: Element "public: class testing::internal::OsStackTraceGetterInterface * __thiscall testing::internal::UnitTestImpl::os_stack_trace_getter(void)" (?os_stack_trace_getter@UnitTestImpl@internal@testing@@QAEPAVOsStackTraceGetterInterface@23@XZ) jest już zdefiniowany w elemencie gtestd.lib(gtest-all.obj)
gtestd.lib(gtest-all.obj) : error LNK2005: Element "public: class std::basic_string<char,struct std::char_traits<char>,class std::allocator<char> > __thiscall testing::internal::UnitTestImpl::CurrentOsStackTraceExceptTop(int)" (?CurrentOsStackTraceExceptTop@UnitTestImpl@internal@testing@@QAE?AV?$basic_string@DU?$char_traits@D@std@@V?$allocator@D@2@@std@@H@Z) jest już zdefiniowany w elemencie gtestd.lib(gtest-all.obj)
gtestd.lib(gtest-all.obj) : error LNK2005: Element "public: class testing::TestCase * __thiscall testing::internal::UnitTestImpl::GetTestCase(char const *,char const *,void (__cdecl*)(void),void (__cdecl*)(void))" (?GetTestCase@UnitTestImpl@internal@testing@@QAEPAVTestCase@3@PBD0P6AXXZ1@Z) jest już zdefiniowany w elemencie gtestd.lib(gtest-all.obj)
gtestd.lib(gtest-all.obj) : error LNK2005: Element "public: void __thiscall testing::internal::UnitTestImpl::RegisterParameterizedTests(void)" (?RegisterParameterizedTests@UnitTestImpl@internal@testing@@QAEXXZ) jest już zdefiniowany w elemencie gtestd.lib(gtest-all.obj)
gtestd.lib(gtest-all.obj) : error LNK2005: Element "public: bool __thiscall testing::internal::UnitTestImpl::RunAllTests(void)" (?RunAllTests@UnitTestImpl@internal@testing@@QAE_NXZ) jest już zdefiniowany w elemencie gtestd.lib(gtest-all.obj)
gtestd.lib(gtest-all.obj) : error LNK2005: Element "public: void __thiscall testing::internal::UnitTestImpl::RecordProperty(class testing::TestProperty const &)" (?RecordProperty@UnitTestImpl@internal@testing@@QAEXABVTestProperty@3@@Z) jest już zdefiniowany w elemencie gtestd.lib(gtest-all.obj)
gtestd.lib(gtest-all.obj) : error LNK2005: Element "public: int __thiscall testing::internal::UnitTestImpl::FilterTests(enum testing::internal::UnitTestImpl::ReactionToSharding)" (?FilterTests@UnitTestImpl@internal@testing@@QAEHW4ReactionToSharding@123@@Z) jest już zdefiniowany w elemencie gtestd.lib(gtest-all.obj)
gtestd.lib(gtest-all.obj) : error LNK2005: Element "public: void __thiscall testing::internal::UnitTestImpl::ListTestsMatchingFilter(void)" (?ListTestsMatchingFilter@UnitTestImpl@internal@testing@@QAEXXZ) jest już zdefiniowany w elemencie gtestd.lib(gtest-all.obj)
gtestd.lib(gtest-all.obj) : error LNK2005: Element "public: void __thiscall testing::internal::UnitTestImpl::SuppressTestEventsIfInSubprocess(void)" (?SuppressTestEventsIfInSubprocess@UnitTestImpl@internal@testing@@QAEXXZ) jest już zdefiniowany w elemencie gtestd.lib(gtest-all.obj)
gtestd.lib(gtest-all.obj) : error LNK2005: Element "public: void __thiscall testing::internal::UnitTestImpl::ConfigureXmlOutput(void)" (?ConfigureXmlOutput@UnitTestImpl@internal@testing@@QAEXXZ) jest już zdefiniowany w elemencie gtestd.lib(gtest-all.obj)
gtestd.lib(gtest-all.obj) : error LNK2005: Element "public: void __thiscall testing::internal::UnitTestImpl::PostFlagParsingInit(void)" (?PostFlagParsingInit@UnitTestImpl@internal@testing@@QAEXXZ) jest już zdefiniowany w elemencie gtestd.lib(gtest-all.obj)
gtestd.lib(gtest-all.obj) : error LNK2005: Element "public: void __thiscall testing::internal::UnitTestImpl::ShuffleTests(void)" (?ShuffleTests@UnitTestImpl@internal@testing@@QAEXXZ) jest już zdefiniowany w elemencie gtestd.lib(gtest-all.obj)
gtestd.lib(gtest-all.obj) : error LNK2005: Element "public: void __thiscall testing::internal::UnitTestImpl::UnshuffleTests(void)" (?UnshuffleTests@UnitTestImpl@internal@testing@@QAEXXZ) jest już zdefiniowany w elemencie gtestd.lib(gtest-all.obj)
gtestd.lib(gtest-all.obj) : error LNK2005: Element "bool __cdecl testing::internal::IsInSet(char,char const *)" (?IsInSet@internal@testing@@YA_NDPBD@Z) jest już zdefiniowany w elemencie gtestd.lib(gtest-all.obj)
gtestd.lib(gtest-all.obj) : error LNK2005: Element "bool __cdecl testing::internal::IsAsciiDigit(char)" (?IsAsciiDigit@internal@testing@@YA_ND@Z) jest już zdefiniowany w elemencie gtestd.lib(gtest-all.obj)
gtestd.lib(gtest-all.obj) : error LNK2005: Element "bool __cdecl testing::internal::IsAsciiPunct(char)" (?IsAsciiPunct@internal@testing@@YA_ND@Z) jest już zdefiniowany w elemencie gtestd.lib(gtest-all.obj)
gtestd.lib(gtest-all.obj) : error LNK2005: Element "bool __cdecl testing::internal::IsRepeat(char)" (?IsRepeat@internal@testing@@YA_ND@Z) jest już zdefiniowany w elemencie gtestd.lib(gtest-all.obj)
gtestd.lib(gtest-all.obj) : error LNK2005: Element "bool __cdecl testing::internal::IsAsciiWhiteSpace(char)" (?IsAsciiWhiteSpace@internal@testing@@YA_ND@Z) jest już zdefiniowany w elemencie gtestd.lib(gtest-all.obj)
gtestd.lib(gtest-all.obj) : error LNK2005: Element "bool __cdecl testing::internal::IsAsciiWordChar(char)" (?IsAsciiWordChar@internal@testing@@YA_ND@Z) jest już zdefiniowany w elemencie gtestd.lib(gtest-all.obj)
gtestd.lib(gtest-all.obj) : error LNK2005: Element "bool __cdecl testing::internal::IsValidEscape(char)" (?IsValidEscape@internal@testing@@YA_ND@Z) jest już zdefiniowany w elemencie gtestd.lib(gtest-all.obj)
gtestd.lib(gtest-all.obj) : error LNK2005: Element "bool __cdecl testing::internal::AtomMatchesChar(bool,char,char)" (?AtomMatchesChar@internal@testing@@YA_N_NDD@Z) jest już zdefiniowany w elemencie gtestd.lib(gtest-all.obj)
gtestd.lib(gtest-all.obj) : error LNK2005: Element "bool __cdecl testing::internal::ValidateRegex(char const *)" (?ValidateRegex@internal@testing@@YA_NPBD@Z) jest już zdefiniowany w elemencie gtestd.lib(gtest-all.obj)
gtestd.lib(gtest-all.obj) : error LNK2005: Element "bool __cdecl testing::internal::MatchRegexAtHead(char const *,char const *)" (?MatchRegexAtHead@internal@testing@@YA_NPBD0@Z) jest już zdefiniowany w elemencie gtestd.lib(gtest-all.obj)
gtestd.lib(gtest-all.obj) : error LNK2005: Element "bool __cdecl testing::internal::MatchRepetitionAndRegexAtHead(bool,char,char,char const *,char const *)" (?MatchRepetitionAndRegexAtHead@internal@testing@@YA_N_NDDPBD1@Z) jest już zdefiniowany w elemencie gtestd.lib(gtest-all.obj)
gtestd.lib(gtest-all.obj) : error LNK2005: Element "bool __cdecl testing::internal::MatchRegexAnywhere(char const *,char const *)" (?MatchRegexAnywhere@internal@testing@@YA_NPBD0@Z) jest już zdefiniowany w elemencie gtestd.lib(gtest-all.obj)
gtestd.lib(gtest-all.obj) : error LNK2005: Element "void __cdecl testing::internal::ParseGoogleTestFlagsOnly(int *,char * *)" (?ParseGoogleTestFlagsOnly@internal@testing@@YAXPAHPAPAD@Z) jest już zdefiniowany w elemencie gtestd.lib(gtest-all.obj)
gtestd.lib(gtest-all.obj) : error LNK2005: Element "void __cdecl testing::internal::ParseGoogleTestFlagsOnly(int *,wchar_t * *)" (?ParseGoogleTestFlagsOnly@internal@testing@@YAXPAHPAPA_W@Z) jest już zdefiniowany w elemencie gtestd.lib(gtest-all.obj)
gtestd.lib(gtest-all.obj) : error LNK2005: Element "class std::basic_string<char,struct std::char_traits<char>,class std::allocator<char> > __cdecl testing::internal::GetLastErrnoDescription(void)" (?GetLastErrnoDescription@internal@testing@@YA?AV?$basic_string@DU?$char_traits@D@std@@V?$allocator@D@2@@std@@XZ) jest już zdefiniowany w elemencie gtestd.lib(gtest-all.obj)
gtestd.lib(gtest-all.obj) : error LNK2005: Element "public: virtual void __thiscall testing::internal::PrettyUnitTestResultPrinter::OnTestIterationStart(class testing::UnitTest const &,int)" (?OnTestIterationStart@PrettyUnitTestResultPrinter@internal@testing@@UAEXABVUnitTest@3@H@Z) jest już zdefiniowany w elemencie gtestd.lib(gtest-all.obj)
gtestd.lib(gtest-all.obj) : error LNK2005: Element "public: virtual void __thiscall testing::internal::PrettyUnitTestResultPrinter::OnEnvironmentsSetUpStart(class testing::UnitTest const &)" (?OnEnvironmentsSetUpStart@PrettyUnitTestResultPrinter@internal@testing@@UAEXABVUnitTest@3@@Z) jest już zdefiniowany w elemencie gtestd.lib(gtest-all.obj)
gtestd.lib(gtest-all.obj) : error LNK2005: Element "public: virtual void __thiscall testing::internal::PrettyUnitTestResultPrinter::OnTestCaseStart(class testing::TestCase const &)" (?OnTestCaseStart@PrettyUnitTestResultPrinter@internal@testing@@UAEXABVTestCase@3@@Z) jest już zdefiniowany w elemencie gtestd.lib(gtest-all.obj)
gtestd.lib(gtest-all.obj) : error LNK2005: Element "public: virtual void __thiscall testing::internal::PrettyUnitTestResultPrinter::OnTestStart(class testing::TestInfo const &)" (?OnTestStart@PrettyUnitTestResultPrinter@internal@testing@@UAEXABVTestInfo@3@@Z) jest już zdefiniowany w elemencie gtestd.lib(gtest-all.obj)
gtestd.lib(gtest-all.obj) : error LNK2005: Element "public: virtual void __thiscall testing::internal::PrettyUnitTestResultPrinter::OnTestPartResult(class testing::TestPartResult const &)" (?OnTestPartResult@PrettyUnitTestResultPrinter@internal@testing@@UAEXABVTestPartResult@3@@Z) jest już zdefiniowany w elemencie gtestd.lib(gtest-all.obj)
gtestd.lib(gtest-all.obj) : error LNK2005: Element "public: virtual void __thiscall testing::internal::PrettyUnitTestResultPrinter::OnTestEnd(class testing::TestInfo const &)" (?OnTestEnd@PrettyUnitTestResultPrinter@internal@testing@@UAEXABVTestInfo@3@@Z) jest już zdefiniowany w elemencie gtestd.lib(gtest-all.obj)
gtestd.lib(gtest-all.obj) : error LNK2005: Element "public: virtual void __thiscall testing::internal::PrettyUnitTestResultPrinter::OnTestCaseEnd(class testing::TestCase const &)" (?OnTestCaseEnd@PrettyUnitTestResultPrinter@internal@testing@@UAEXABVTestCase@3@@Z) jest już zdefiniowany w elemencie gtestd.lib(gtest-all.obj)
gtestd.lib(gtest-all.obj) : error LNK2005: Element "public: virtual void __thiscall testing::internal::PrettyUnitTestResultPrinter::OnEnvironmentsTearDownStart(class testing::UnitTest const &)" (?OnEnvironmentsTearDownStart@PrettyUnitTestResultPrinter@internal@testing@@UAEXABVUnitTest@3@@Z) jest już zdefiniowany w elemencie gtestd.lib(gtest-all.obj)
gtestd.lib(gtest-all.obj) : error LNK2005: Element "public: virtual void __thiscall testing::internal::PrettyUnitTestResultPrinter::OnTestIterationEnd(class testing::UnitTest const &,int)" (?OnTestIterationEnd@PrettyUnitTestResultPrinter@internal@testing@@UAEXABVUnitTest@3@H@Z) jest już zdefiniowany w elemencie gtestd.lib(gtest-all.obj)
gtestd.lib(gtest-all.obj) : error LNK2005: Element "private: static void __cdecl testing::internal::PrettyUnitTestResultPrinter::PrintFailedTests(class testing::UnitTest const &)" (?PrintFailedTests@PrettyUnitTestResultPrinter@internal@testing@@CAXABVUnitTest@3@@Z) jest już zdefiniowany w elemencie gtestd.lib(gtest-all.obj)
gtestd.lib(gtest-all.obj) : error LNK2005: Element "public: virtual __thiscall testing::internal::TestEventRepeater::~TestEventRepeater(void)" (??1TestEventRepeater@internal@testing@@UAE@XZ) jest już zdefiniowany w elemencie gtestd.lib(gtest-all.obj)
gtestd.lib(gtest-all.obj) : error LNK2005: Element "public: void __thiscall testing::internal::TestEventRepeater::Append(class testing::TestEventListener *)" (?Append@TestEventRepeater@internal@testing@@QAEXPAVTestEventListener@3@@Z) jest już zdefiniowany w elemencie gtestd.lib(gtest-all.obj)
gtestd.lib(gtest-all.obj) : error LNK2005: Element "public: class testing::TestEventListener * __thiscall testing::internal::TestEventRepeater::Release(class testing::TestEventListener *)" (?Release@TestEventRepeater@internal@testing@@QAEPAVTestEventListener@3@PAV43@@Z) jest już zdefiniowany w elemencie gtestd.lib(gtest-all.obj)
gtestd.lib(gtest-all.obj) : error LNK2005: Element "public: virtual void __thiscall testing::internal::TestEventRepeater::OnTestProgramStart(class testing::UnitTest const &)" (?OnTestProgramStart@TestEventRepeater@internal@testing@@UAEXABVUnitTest@3@@Z) jest już zdefiniowany w elemencie gtestd.lib(gtest-all.obj)
gtestd.lib(gtest-all.obj) : error LNK2005: Element "public: virtual void __thiscall testing::internal::TestEventRepeater::OnTestIterationStart(class testing::UnitTest const &,int)" (?OnTestIterationStart@TestEventRepeater@internal@testing@@UAEXABVUnitTest@3@H@Z) jest już zdefiniowany w elemencie gtestd.lib(gtest-all.obj)
gtestd.lib(gtest-all.obj) : error LNK2005: Element "public: virtual void __thiscall testing::internal::TestEventRepeater::OnEnvironmentsSetUpStart(class testing::UnitTest const &)" (?OnEnvironmentsSetUpStart@TestEventRepeater@internal@testing@@UAEXABVUnitTest@3@@Z) jest już zdefiniowany w elemencie gtestd.lib(gtest-all.obj)
gtestd.lib(gtest-all.obj) : error LNK2005: Element "public: virtual void __thiscall testing::internal::TestEventRepeater::OnEnvironmentsSetUpEnd(class testing::UnitTest const &)" (?OnEnvironmentsSetUpEnd@TestEventRepeater@internal@testing@@UAEXABVUnitTest@3@@Z) jest już zdefiniowany w elemencie gtestd.lib(gtest-all.obj)
gtestd.lib(gtest-all.obj) : error LNK2005: Element "public: virtual void __thiscall testing::internal::TestEventRepeater::OnTestCaseStart(class testing::TestCase const &)" (?OnTestCaseStart@TestEventRepeater@internal@testing@@UAEXABVTestCase@3@@Z) jest już zdefiniowany w elemencie gtestd.lib(gtest-all.obj)
gtestd.lib(gtest-all.obj) : error LNK2005: Element "public: virtual void __thiscall testing::internal::TestEventRepeater::OnTestStart(class testing::TestInfo const &)" (?OnTestStart@TestEventRepeater@internal@testing@@UAEXABVTestInfo@3@@Z) jest już zdefiniowany w elemencie gtestd.lib(gtest-all.obj)
gtestd.lib(gtest-all.obj) : error LNK2005: Element "public: virtual void __thiscall testing::internal::TestEventRepeater::OnTestPartResult(class testing::TestPartResult const &)" (?OnTestPartResult@TestEventRepeater@internal@testing@@UAEXABVTestPartResult@3@@Z) jest już zdefiniowany w elemencie gtestd.lib(gtest-all.obj)
gtestd.lib(gtest-all.obj) : error LNK2005: Element "public: virtual void __thiscall testing::internal::TestEventRepeater::OnTestEnd(class testing::TestInfo const &)" (?OnTestEnd@TestEventRepeater@internal@testing@@UAEXABVTestInfo@3@@Z) jest już zdefiniowany w elemencie gtestd.lib(gtest-all.obj)
gtestd.lib(gtest-all.obj) : error LNK2005: Element "public: virtual void __thiscall testing::internal::TestEventRepeater::OnTestCaseEnd(class testing::TestCase const &)" (?OnTestCaseEnd@TestEventRepeater@internal@testing@@UAEXABVTestCase@3@@Z) jest już zdefiniowany w elemencie gtestd.lib(gtest-all.obj)
gtestd.lib(gtest-all.obj) : error LNK2005: Element "public: virtual void __thiscall testing::internal::TestEventRepeater::OnEnvironmentsTearDownStart(class testing::UnitTest const &)" (?OnEnvironmentsTearDownStart@TestEventRepeater@internal@testing@@UAEXABVUnitTest@3@@Z) jest już zdefiniowany w elemencie gtestd.lib(gtest-all.obj)
gtestd.lib(gtest-all.obj) : error LNK2005: Element "public: virtual void __thiscall testing::internal::TestEventRepeater::OnEnvironmentsTearDownEnd(class testing::UnitTest const &)" (?OnEnvironmentsTearDownEnd@TestEventRepeater@internal@testing@@UAEXABVUnitTest@3@@Z) jest już zdefiniowany w elemencie gtestd.lib(gtest-all.obj)
gtestd.lib(gtest-all.obj) : error LNK2005: Element "public: virtual void __thiscall testing::internal::TestEventRepeater::OnTestIterationEnd(class testing::UnitTest const &,int)" (?OnTestIterationEnd@TestEventRepeater@internal@testing@@UAEXABVUnitTest@3@H@Z) jest już zdefiniowany w elemencie gtestd.lib(gtest-all.obj)
gtestd.lib(gtest-all.obj) : error LNK2005: Element "public: virtual void __thiscall testing::internal::TestEventRepeater::OnTestProgramEnd(class testing::UnitTest const &)" (?OnTestProgramEnd@TestEventRepeater@internal@testing@@UAEXABVUnitTest@3@@Z) jest już zdefiniowany w elemencie gtestd.lib(gtest-all.obj)
gtestd.lib(gtest-all.obj) : error LNK2005: Element "public: __thiscall testing::internal::XmlUnitTestResultPrinter::XmlUnitTestResultPrinter(char const *)" (??0XmlUnitTestResultPrinter@internal@testing@@QAE@PBD@Z) jest już zdefiniowany w elemencie gtestd.lib(gtest-all.obj)
gtestd.lib(gtest-all.obj) : error LNK2005: Element "public: virtual void __thiscall testing::internal::XmlUnitTestResultPrinter::OnTestIterationEnd(class testing::UnitTest const &,int)" (?OnTestIterationEnd@XmlUnitTestResultPrinter@internal@testing@@UAEXABVUnitTest@3@H@Z) jest już zdefiniowany w elemencie gtestd.lib(gtest-all.obj)
gtestd.lib(gtest-all.obj) : error LNK2005: Element "private: static class std::basic_string<char,struct std::char_traits<char>,class std::allocator<char> > __cdecl testing::internal::XmlUnitTestResultPrinter::EscapeXml(class std::basic_string<char,struct std::char_traits<char>,class std::allocator<char> > const &,bool)" (?EscapeXml@XmlUnitTestResultPrinter@internal@testing@@CA?AV?$basic_string@DU?$char_traits@D@std@@V?$allocator@D@2@@std@@ABV45@_N@Z) jest już zdefiniowany w elemencie gtestd.lib(gtest-all.obj)
gtestd.lib(gtest-all.obj) : error LNK2005: Element "private: static class std::basic_string<char,struct std::char_traits<char>,class std::allocator<char> > __cdecl testing::internal::XmlUnitTestResultPrinter::RemoveInvalidXmlCharacters(class std::basic_string<char,struct std::char_traits<char>,class std::allocator<char> > const &)" (?RemoveInvalidXmlCharacters@XmlUnitTestResultPrinter@internal@testing@@CA?AV?$basic_string@DU?$char_traits@D@std@@V?$allocator@D@2@@std@@ABV45@@Z) jest już zdefiniowany w elemencie gtestd.lib(gtest-all.obj)
gtestd.lib(gtest-all.obj) : error LNK2005: Element "private: static void __cdecl testing::internal::XmlUnitTestResultPrinter::OutputXmlAttribute(class std::basic_ostream<char,struct std::char_traits<char> > *,class std::basic_string<char,struct std::char_traits<char>,class std::allocator<char> > const &,class std::basic_string<char,struct std::char_traits<char>,class std::allocator<char> > const &,class std::basic_string<char,struct std::char_traits<char>,class std::allocator<char> > const &)" (?OutputXmlAttribute@XmlUnitTestResultPrinter@internal@testing@@CAXPAV?$basic_ostream@DU?$char_traits@D@std@@@std@@ABV?$basic_string@DU?$char_traits@D@std@@V?$allocator@D@2@@5@11@Z) jest już zdefiniowany w elemencie gtestd.lib(gtest-all.obj)
gtestd.lib(gtest-all.obj) : error LNK2005: Element "private: static void __cdecl testing::internal::XmlUnitTestResultPrinter::OutputXmlCDataSection(class std::basic_ostream<char,struct std::char_traits<char> > *,char const *)" (?OutputXmlCDataSection@XmlUnitTestResultPrinter@internal@testing@@CAXPAV?$basic_ostream@DU?$char_traits@D@std@@@std@@PBD@Z) jest już zdefiniowany w elemencie gtestd.lib(gtest-all.obj)
gtestd.lib(gtest-all.obj) : error LNK2005: Element "private: static void __cdecl testing::internal::XmlUnitTestResultPrinter::OutputXmlTestInfo(class std::basic_ostream<char,struct std::char_traits<char> > *,char const *,class testing::TestInfo const &)" (?OutputXmlTestInfo@XmlUnitTestResultPrinter@internal@testing@@CAXPAV?$basic_ostream@DU?$char_traits@D@std@@@std@@PBDABVTestInfo@3@@Z) jest już zdefiniowany w elemencie gtestd.lib(gtest-all.obj)
gtestd.lib(gtest-all.obj) : error LNK2005: Element "private: static void __cdecl testing::internal::XmlUnitTestResultPrinter::PrintXmlTestCase(class std::basic_ostream<char,struct std::char_traits<char> > *,class testing::TestCase const &)" (?PrintXmlTestCase@XmlUnitTestResultPrinter@internal@testing@@CAXPAV?$basic_ostream@DU?$char_traits@D@std@@@std@@ABVTestCase@3@@Z) jest już zdefiniowany w elemencie gtestd.lib(gtest-all.obj)
gtestd.lib(gtest-all.obj) : error LNK2005: Element "private: static void __cdecl testing::internal::XmlUnitTestResultPrinter::PrintXmlUnitTest(class std::basic_ostream<char,struct std::char_traits<char> > *,class testing::UnitTest const &)" (?PrintXmlUnitTest@XmlUnitTestResultPrinter@internal@testing@@CAXPAV?$basic_ostream@DU?$char_traits@D@std@@@std@@ABVUnitTest@3@@Z) jest już zdefiniowany w elemencie gtestd.lib(gtest-all.obj)
gtestd.lib(gtest-all.obj) : error LNK2005: Element "private: static class std::basic_string<char,struct std::char_traits<char>,class std::allocator<char> > __cdecl testing::internal::XmlUnitTestResultPrinter::TestPropertiesAsXmlAttributes(class testing::TestResult const &)" (?TestPropertiesAsXmlAttributes@XmlUnitTestResultPrinter@internal@testing@@CA?AV?$basic_string@DU?$char_traits@D@std@@V?$allocator@D@2@@std@@ABVTestResult@3@@Z) jest już zdefiniowany w elemencie gtestd.lib(gtest-all.obj)
gtestd.lib(gtest-all.obj) : error LNK2005: Element "protected: virtual void __thiscall testing::internal::DeathTestImpl::Abort(enum testing::internal::DeathTest::AbortReason)" (?Abort@DeathTestImpl@internal@testing@@MAEXW4AbortReason@DeathTest@23@@Z) jest już zdefiniowany w elemencie gtestd.lib(gtest-all.obj)
gtestd.lib(gtest-all.obj) : error LNK2005: Element "protected: virtual bool __thiscall testing::internal::DeathTestImpl::Passed(bool)" (?Passed@DeathTestImpl@internal@testing@@MAE_N_N@Z) jest już zdefiniowany w elemencie gtestd.lib(gtest-all.obj)
gtestd.lib(gtest-all.obj) : error LNK2005: Element "protected: void __thiscall testing::internal::DeathTestImpl::ReadAndInterpretStatusByte(void)" (?ReadAndInterpretStatusByte@DeathTestImpl@internal@testing@@IAEXXZ) jest już zdefiniowany w elemencie gtestd.lib(gtest-all.obj)
gtestd.lib(gtest-all.obj) : error LNK2005: Element "public: virtual int __thiscall testing::internal::WindowsDeathTest::Wait(void)" (?Wait@WindowsDeathTest@internal@testing@@UAEHXZ) jest już zdefiniowany w elemencie gtestd.lib(gtest-all.obj)
gtestd.lib(gtest-all.obj) : error LNK2005: Element "public: virtual enum testing::internal::DeathTest::TestRole __thiscall testing::internal::WindowsDeathTest::AssumeRole(void)" (?AssumeRole@WindowsDeathTest@internal@testing@@UAE?AW4TestRole@DeathTest@23@XZ) jest już zdefiniowany w elemencie gtestd.lib(gtest-all.obj)
gtestd.lib(gtest-all.obj) : error LNK2005: Element "class std::basic_string<char,struct std::char_traits<char>,class std::allocator<char> > testing::internal::FLAGS_gtest_internal_run_death_test" (?FLAGS_gtest_internal_run_death_test@internal@testing@@3V?$basic_string@DU?$char_traits@D@std@@V?$allocator@D@2@@std@@A) jest już zdefiniowany w elemencie gtestd.lib(gtest-all.obj)
gtestd.lib(gtest-all.obj) : error LNK2005: Element "private: static class std::basic_string<char,struct std::char_traits<char>,class std::allocator<char> > testing::internal::DeathTest::last_death_test_message_" (?last_death_test_message_@DeathTest@internal@testing@@0V?$basic_string@DU?$char_traits@D@std@@V?$allocator@D@2@@std@@A) jest już zdefiniowany w elemencie gtestd.lib(gtest-all.obj)
gtestd.lib(gtest-all.obj) : error LNK2005: Element "class std::basic_string<char,struct std::char_traits<char>,class std::allocator<char> > testing::FLAGS_gtest_death_test_style" (?FLAGS_gtest_death_test_style@testing@@3V?$basic_string@DU?$char_traits@D@std@@V?$allocator@D@2@@std@@A) jest już zdefiniowany w elemencie gtestd.lib(gtest-all.obj)
gtestd.lib(gtest-all.obj) : error LNK2005: Element "class testing::internal::Mutex testing::internal::g_linked_ptr_mutex" (?g_linked_ptr_mutex@internal@testing@@3VMutex@12@A) jest już zdefiniowany w elemencie gtestd.lib(gtest-all.obj)
gtestd.lib(gtest-all.obj) : error LNK2005: Element "bool testing::FLAGS_gtest_also_run_disabled_tests" (?FLAGS_gtest_also_run_disabled_tests@testing@@3_NA) jest już zdefiniowany w elemencie gtestd.lib(gtest-all.obj)
gtestd.lib(gtest-all.obj) : error LNK2005: Element "bool testing::FLAGS_gtest_break_on_failure" (?FLAGS_gtest_break_on_failure@testing@@3_NA) jest już zdefiniowany w elemencie gtestd.lib(gtest-all.obj)
gtestd.lib(gtest-all.obj) : error LNK2005: Element "bool testing::FLAGS_gtest_catch_exceptions" (?FLAGS_gtest_catch_exceptions@testing@@3_NA) jest już zdefiniowany w elemencie gtestd.lib(gtest-all.obj)
gtestd.lib(gtest-all.obj) : error LNK2005: Element "class std::basic_string<char,struct std::char_traits<char>,class std::allocator<char> > testing::FLAGS_gtest_color" (?FLAGS_gtest_color@testing@@3V?$basic_string@DU?$char_traits@D@std@@V?$allocator@D@2@@std@@A) jest już zdefiniowany w elemencie gtestd.lib(gtest-all.obj)
gtestd.lib(gtest-all.obj) : error LNK2005: Element "class std::basic_string<char,struct std::char_traits<char>,class std::allocator<char> > testing::FLAGS_gtest_filter" (?FLAGS_gtest_filter@testing@@3V?$basic_string@DU?$char_traits@D@std@@V?$allocator@D@2@@std@@A) jest już zdefiniowany w elemencie gtestd.lib(gtest-all.obj)
gtestd.lib(gtest-all.obj) : error LNK2005: Element "class std::basic_string<char,struct std::char_traits<char>,class std::allocator<char> > testing::FLAGS_gtest_output" (?FLAGS_gtest_output@testing@@3V?$basic_string@DU?$char_traits@D@std@@V?$allocator@D@2@@std@@A) jest już zdefiniowany w elemencie gtestd.lib(gtest-all.obj)
gtestd.lib(gtest-all.obj) : error LNK2005: Element "bool testing::FLAGS_gtest_print_time" (?FLAGS_gtest_print_time@testing@@3_NA) jest już zdefiniowany w elemencie gtestd.lib(gtest-all.obj)
gtestd.lib(gtest-all.obj) : error LNK2005: Element "int testing::FLAGS_gtest_random_seed" (?FLAGS_gtest_random_seed@testing@@3HA) jest już zdefiniowany w elemencie gtestd.lib(gtest-all.obj)
gtestd.lib(gtest-all.obj) : error LNK2005: Element "int testing::FLAGS_gtest_repeat" (?FLAGS_gtest_repeat@testing@@3HA) jest już zdefiniowany w elemencie gtestd.lib(gtest-all.obj)
gtestd.lib(gtest-all.obj) : error LNK2005: Element "bool testing::FLAGS_gtest_shuffle" (?FLAGS_gtest_shuffle@testing@@3_NA) jest już zdefiniowany w elemencie gtestd.lib(gtest-all.obj)
gtestd.lib(gtest-all.obj) : error LNK2005: Element "int testing::FLAGS_gtest_stack_trace_depth" (?FLAGS_gtest_stack_trace_depth@testing@@3HA) jest już zdefiniowany w elemencie gtestd.lib(gtest-all.obj)
gtestd.lib(gtest-all.obj) : error LNK2005: Element "bool testing::FLAGS_gtest_throw_on_failure" (?FLAGS_gtest_throw_on_failure@testing@@3_NA) jest już zdefiniowany w elemencie gtestd.lib(gtest-all.obj)
gtestd.lib(gtest-all.obj) : error LNK2005: Element "class std::basic_string<char,struct std::char_traits<char>,class std::allocator<char> > testing::FLAGS_gtest_stream_result_to" (?FLAGS_gtest_stream_result_to@testing@@3V?$basic_string@DU?$char_traits@D@std@@V?$allocator@D@2@@std@@A) jest już zdefiniowany w elemencie gtestd.lib(gtest-all.obj)
gtestd.lib(gtest-all.obj) : error LNK2005: Element "bool testing::FLAGS_gtest_death_test_use_fork" (?FLAGS_gtest_death_test_use_fork@testing@@3_NA) jest już zdefiniowany w elemencie gtestd.lib(gtest-all.obj)
gtestd.lib(gtest-all.obj) : error LNK2005: Element "void const * const testing::internal::kTestTypeIdInGoogleTest" (?kTestTypeIdInGoogleTest@internal@testing@@3QBXB) jest już zdefiniowany w elemencie gtestd.lib(gtest-all.obj)
msvcprtd.lib(MSVCP140D.dll) : error LNK2005: Element "public: int __thiscall std::ios_base::setf(int)" (?setf@ios_base@std@@QAEHH@Z) jest już zdefiniowany w elemencie gtestd.lib(gtest-all.obj)
msvcprtd.lib(MSVCP140D.dll) : error LNK2005: Element "public: int __thiscall std::ios_base::setf(int,int)" (?setf@ios_base@std@@QAEHHH@Z) jest już zdefiniowany w elemencie gtestd.lib(gtest-all.obj)
msvcprtd.lib(MSVCP140D.dll) : error LNK2005: Element "protected: char * __thiscall std::basic_streambuf<char,struct std::char_traits<char> >::pbase(void)const " (?pbase@?$basic_streambuf@DU?$char_traits@D@std@@@std@@IBEPADXZ) jest już zdefiniowany w elemencie gtestd.lib(gtest-all.obj)
msvcprtd.lib(MSVCP140D.dll) : error LNK2005: Element "protected: void __thiscall std::basic_streambuf<char,struct std::char_traits<char> >::setp(char *,char *)" (?setp@?$basic_streambuf@DU?$char_traits@D@std@@@std@@IAEXPAD0@Z) jest już zdefiniowany w elemencie gtestd.lib(gtest-all.obj)
msvcprtd.lib(MSVCP140D.dll) : error LNK2005: Element "protected: void __thiscall std::basic_streambuf<char,struct std::char_traits<char> >::setp(char *,char *,char *)" (?setp@?$basic_streambuf@DU?$char_traits@D@std@@@std@@IAEXPAD00@Z) jest już zdefiniowany w elemencie gtestd.lib(gtest-all.obj)
msvcprtd.lib(MSVCP140D.dll) : error LNK2005: Element "public: char __thiscall std::basic_ios<char,struct std::char_traits<char> >::fill(char)" (?fill@?$basic_ios@DU?$char_traits@D@std@@@std@@QAEDD@Z) jest już zdefiniowany w elemencie gtestd.lib(gtest-all.obj)
msvcprtd.lib(MSVCP140D.dll) : error LNK2005: Element "public: class std::basic_ostream<char,struct std::char_traits<char> > & __thiscall std::basic_ostream<char,struct std::char_traits<char> >::operator<<(class std::ios_base & (__cdecl*)(class std::ios_base &))" (??6?$basic_ostream@DU?$char_traits@D@std@@@std@@QAEAAV01@P6AAAVios_base@1@AAV21@@Z@Z) jest już zdefiniowany w elemencie gtestd.lib(gtest-all.obj)
msvcprtd.lib(MSVCP140D.dll) : error LNK2005: Element "public: class std::basic_ostream<char,struct std::char_traits<char> > & __thiscall std::basic_ostream<char,struct std::char_traits<char> >::operator<<(unsigned int)" (??6?$basic_ostream@DU?$char_traits@D@std@@@std@@QAEAAV01@I@Z) jest już zdefiniowany w elemencie gtestd.lib(gtest-all.obj)
msvcprtd.lib(MSVCP140D.dll) : error LNK2005: Element "public: class std::basic_ostream<char,struct std::char_traits<char> > & __thiscall std::basic_ostream<char,struct std::char_traits<char> >::operator<<(unsigned long)" (??6?$basic_ostream@DU?$char_traits@D@std@@@std@@QAEAAV01@K@Z) jest już zdefiniowany w elemencie gtestd.lib(gtest-all.obj)
msvcprtd.lib(MSVCP140D.dll) : error LNK2005: Element "public: class std::basic_ostream<char,struct std::char_traits<char> > & __thiscall std::basic_ostream<char,struct std::char_traits<char> >::operator<<(__int64)" (??6?$basic_ostream@DU?$char_traits@D@std@@@std@@QAEAAV01@_J@Z) jest już zdefiniowany w elemencie gtestd.lib(gtest-all.obj)
msvcprtd.lib(MSVCP140D.dll) : error LNK2005: Element "public: class std::basic_ostream<char,struct std::char_traits<char> > & __thiscall std::basic_ostream<char,struct std::char_traits<char> >::operator<<(float)" (??6?$basic_ostream@DU?$char_traits@D@std@@@std@@QAEAAV01@M@Z) jest już zdefiniowany w elemencie gtestd.lib(gtest-all.obj)
msvcprtd.lib(MSVCP140D.dll) : error LNK2005: Element "public: class std::basic_ostream<char,struct std::char_traits<char> > & __thiscall std::basic_ostream<char,struct std::char_traits<char> >::operator<<(double)" (??6?$basic_ostream@DU?$char_traits@D@std@@@std@@QAEAAV01@N@Z) jest już zdefiniowany w elemencie gtestd.lib(gtest-all.obj)
msvcprtd.lib(MSVCP140D.dll) : error LNK2005: Element "public: class std::basic_ostream<char,struct std::char_traits<char> > & __thiscall std::basic_ostream<char,struct std::char_traits<char> >::operator<<(void const *)" (??6?$basic_ostream@DU?$char_traits@D@std@@@std@@QAEAAV01@PBX@Z) jest już zdefiniowany w elemencie gtestd.lib(gtest-all.obj)
msvcprtd.lib(MSVCP140D.dll) : error LNK2005: Element "public: class std::basic_ostream<char,struct std::char_traits<char> > & __thiscall std::basic_ostream<char,struct std::char_traits<char> >::write(char const *,__int64)" (?write@?$basic_ostream@DU?$char_traits@D@std@@@std@@QAEAAV12@PBD_J@Z) jest już zdefiniowany w elemencie gtestd.lib(gtest-all.obj)
msvcprtd.lib(MSVCP140D.dll) : error LNK2005: Element "public: __thiscall std::basic_iostream<char,struct std::char_traits<char> >::basic_iostream<char,struct std::char_traits<char> >(class std::basic_streambuf<char,struct std::char_traits<char> > *)" (??0?$basic_iostream@DU?$char_traits@D@std@@@std@@QAE@PAV?$basic_streambuf@DU?$char_traits@D@std@@@1@@Z) jest już zdefiniowany w elemencie gtestd.lib(gtest-all.obj)
msvcprtd.lib(MSVCP140D.dll) : error LNK2005: Element "public: virtual __thiscall std::basic_iostream<char,struct std::char_traits<char> >::~basic_iostream<char,struct std::char_traits<char> >(void)" (??1?$basic_iostream@DU?$char_traits@D@std@@@std@@UAE@XZ) jest już zdefiniowany w elemencie gtestd.lib(gtest-all.obj)
LINK : warning LNK4098: domyślna biblioteka „LIBCMTD” powoduje konflikt z innymi bibliotekami; użyj opcji /NODEFAULTLIB:biblioteka
SaveState.obj : error LNK2019: nierozpoznany symbol zewnętrzny "public: __thiscall ZPR::FileFinder::FileFinder(void)" (??0FileFinder@ZPR@@QAE@XZ) przywołany w funkcji "public: __thiscall ZPR::SaveState::SaveState(class std::shared_ptr<struct ZPR::SimulatorData>,class ZPR::MapView &)" (??0SaveState@ZPR@@QAE@V?$shared_ptr@USimulatorData@ZPR@@@std@@AAVMapView@1@@Z)
SaveState.obj : error LNK2019: nierozpoznany symbol zewnętrzny "public: class std::basic_string<char,struct std::char_traits<char>,class std::allocator<char> > __thiscall ZPR::FileFinder::CheckIfFileExist(class std::basic_string<char,struct std::char_traits<char>,class std::allocator<char> > const &,int)" (?CheckIfFileExist@FileFinder@ZPR@@QAE?AV?$basic_string@DU?$char_traits@D@std@@V?$allocator@D@2@@std@@ABV34@H@Z) przywołany w funkcji "private: void __thiscall ZPR::SaveState::CheckSlots(void)" (?CheckSlots@SaveState@ZPR@@AAEXXZ)
MainMenuState.obj : error LNK2019: nierozpoznany symbol zewnętrzny "public: __thiscall ZPR::LoadState::LoadState(class std::shared_ptr<struct ZPR::SimulatorData>)" (??0LoadState@ZPR@@QAE@V?$shared_ptr@USimulatorData@ZPR@@@std@@@Z) przywołany w funkcji "public: virtual void __thiscall ZPR::MainMenuState::HandleInput(void)" (?HandleInput@MainMenuState@ZPR@@UAEXXZ)
gtestd.lib(gtest-all.obj) : error LNK2019: nierozpoznany symbol zewnętrzny ___iob_func przywołany w funkcji "public: __thiscall testing::internal::XmlUnitTestResultPrinter::XmlUnitTestResultPrinter(char const *)" (??0XmlUnitTestResultPrinter@internal@testing@@QAE@PBD@Z)
gtestd.lib(gtest-all.obj) : error LNK2019: nierozpoznany symbol zewnętrzny "public: __thiscall std::exception::exception(char const * const &)" (??0exception@std@@QAE@ABQBD@Z) przywołany w funkcji "public: __thiscall std::runtime_error::runtime_error(class std::basic_string<char,struct std::char_traits<char>,class std::allocator<char> > const &)" (??0runtime_error@std@@QAE@ABV?$basic_string@DU?$char_traits@D@std@@V?$allocator@D@2@@1@@Z)
gtestd.lib(gtest-all.obj) : error LNK2019: nierozpoznany symbol zewnętrzny "public: __thiscall std::bad_cast::bad_cast(char const *)" (??0bad_cast@std@@QAE@PBD@Z) przywołany w funkcji "class std::ctype<char> const & __cdecl std::use_facet<class std::ctype<char> >(class std::locale const &)" (??$use_facet@V?$ctype@D@std@@@std@@YAABV?$ctype@D@0@ABVlocale@0@@Z)
gtestd.lib(gtest-all.obj) : error LNK2019: nierozpoznany symbol zewnętrzny "void * __cdecl operator new(unsigned int,struct std::_DebugHeapTag_t const &,char *,int)" (??2@YAPAXIABU_DebugHeapTag_t@std@@PADH@Z) przywołany w funkcji "protected: __thiscall std::basic_streambuf<char,struct std::char_traits<char> >::basic_streambuf<char,struct std::char_traits<char> >(void)" (??0?$basic_streambuf@DU?$char_traits@D@std@@@std@@IAE@XZ)
gtestd.lib(gtest-all.obj) : error LNK2019: nierozpoznany symbol zewnętrzny "void * __cdecl operator new[](unsigned int,struct std::_DebugHeapTag_t const &,char *,int)" (??_U@YAPAXIABU_DebugHeapTag_t@std@@PADH@Z) przywołany w funkcji "char * __cdecl std::_Maklocstr<char>(char const *,char *,struct _Cvtvec const &)" (??$_Maklocstr@D@std@@YAPADPBDPADABU_Cvtvec@@@Z)
gtestd.lib(gtest-all.obj) : error LNK2019: nierozpoznany symbol zewnętrzny "struct std::_DebugHeapTag_t const & __cdecl std::_DebugHeapTag_func(void)" (?_DebugHeapTag_func@std@@YAABU_DebugHeapTag_t@1@XZ) przywołany w funkcji "char * __cdecl std::_Maklocstr<char>(char const *,char *,struct _Cvtvec const &)" (??$_Maklocstr@D@std@@YAPADPBDPADABU_Cvtvec@@@Z)
gtestd.lib(gtest-all.obj) : error LNK2019: nierozpoznany symbol zewnętrzny "char const * __cdecl std::_Winerror_map(int)" (?_Winerror_map@std@@YAPBDH@Z) przywołany w funkcji "public: virtual class std::basic_string<char,struct std::char_traits<char>,class std::allocator<char> > __thiscall std::_System_error_category::message(int)const " (?message@_System_error_category@std@@UBE?AV?$basic_string@DU?$char_traits@D@std@@V?$allocator@D@2@@2@H@Z)
H:\Programowanie\C++\CityTrafficSimulator_ZPR\Platforms\Windows\Debug\SFML Project.exe : fatal error LNK1120: liczba nierozpoznanych elementów zewnętrznych: 10
